{"timestamp":"2025-06-12 16:38:41","type":"nonce_issued","address":"0x797d5fb38db1f4753baa700095688571d30ca670","status":"pending","ip":"::1"}
{"timestamp":"2025-06-12 16:38:55","type":"login","address":"0x797d5fb38db1f4753baa700095688571d30ca670","status":"success","ip":"::1","tokenExpiresIn":"1h"}
{"timestamp":"2025-06-12 16:42:14","type":"nonce_issued","address":"0x797d5fb38db1f4753baa700095688571d30ca670","status":"pending","ip":"::1"}
{"timestamp":"2025-06-12 16:42:20","type":"login","address":"0x797d5fb38db1f4753baa700095688571d30ca670","status":"success","ip":"::1","tokenExpiresIn":"1h"}
{"timestamp":"2025-06-12 16:42:24","type":"logout","address":"0x797d5fb38db1f4753baa700095688571d30ca670","status":"success","ip":"::1","action":"user_logged_out"}
{"timestamp":"2025-06-12 16:42:49","type":"nonce_issued","address":"0x797d5fb38db1f4753baa700095688571d30ca670","status":"pending","ip":"::1"}
{"timestamp":"2025-06-12 16:43:00","type":"login","address":"0x797d5fb38db1f4753baa700095688571d30ca670","status":"success","ip":"::1","tokenExpiresIn":"1h"}
{"timestamp":"2025-06-12 16:43:11","type":"logout","address":"0x797d5fb38db1f4753baa700095688571d30ca670","status":"success","ip":"::1","action":"user_logged_out"}
{"timestamp":"2025-06-12 16:43:13","type":"nonce_issued","address":"0x797d5fb38db1f4753baa700095688571d30ca670","status":"pending","ip":"::1"}
{"timestamp":"2025-06-12 16:43:49","type":"nonce_issued","address":"0x77c7710051e3e9e135a98525ff496f9cfec45fc6","status":"pending","ip":"::1"}
{"timestamp":"2025-06-12 16:44:15","type":"login","address":"0x21a3ad7462498bc72d4dfe7a4ea7068a634badaf","status":"failure","ip":"::1","reason":"unregistered_user"}
{"timestamp":"2025-06-13 11:04:28","type":"login","address":"0x21a3ad7462498bc72d4dfe7a4ea7068a634badaf","status":"failure","ip":"::1","reason":"unregistered_user"}
{"timestamp":"2025-06-13 11:05:16","type":"login","address":"0x21a3ad7462498bc72d4dfe7a4ea7068a634badaf","status":"failure","ip":"::1","reason":"unregistered_user"}
{"timestamp":"2025-06-13 11:06:56","type":"nonce_issued","address":"0x797d5fb38db1f4753baa700095688571d30ca670","status":"pending","ip":"::1"}
{"timestamp":"2025-06-13 11:07:54","type":"nonce_issued","address":"0x797d5fb38db1f4753baa700095688571d30ca670","status":"pending","ip":"::1"}
{"timestamp":"2025-06-13 11:09:00","type":"nonce_issued","address":"0x797d5fb38db1f4753baa700095688571d30ca670","status":"pending","ip":"::1"}
{"timestamp":"2025-06-13 11:09:05","type":"login","address":"0x797d5fb38db1f4753baa700095688571d30ca670","status":"success","ip":"::1","tokenExpiresIn":"1h","verificationTimeMs":157.7546,"tokenGenerationTimeMs":16.3738}
{"timestamp":"2025-06-13 16:18:15","type":"nonce_issued","address":"0x797d5fb38db1f4753baa700095688571d30ca670","status":"pending","ip":"::1"}
{"timestamp":"2025-06-13 16:18:23","type":"login","address":"0x797d5fb38db1f4753baa700095688571d30ca670","status":"success","ip":"::1","tokenExpiresIn":"1h","verificationTimeMs":251.2707,"tokenGenerationTimeMs":13.868}
{"timestamp":"2025-06-15 21:06:06","type":"login","address":"0x60c15117eae2441cf62876baadb40ba5fed7912e","status":"failure","ip":"::1","reason":"unregistered_user"}
{"timestamp":"2025-06-15 21:06:22","type":"login","address":"0x60c15117eae2441cf62876baadb40ba5fed7912e","status":"failure","ip":"::1","reason":"unregistered_user"}
{"timestamp":"2025-06-15 21:24:26","type":"nonce_issued","address":"0x797d5fb38db1f4753baa700095688571d30ca670","status":"pending","ip":"::1"}
{"timestamp":"2025-06-16 10:28:47","type":"nonce_issued","address":"0x60c15117eae2441cf62876baadb40ba5fed7912e","status":"pending","ip":"::1"}
{"timestamp":"2025-06-16 10:28:56","type":"login","address":"0x60c15117eae2441cf62876baadb40ba5fed7912e","status":"success","ip":"::1","tokenExpiresIn":"1h","verificationTimeMs":178.4854,"tokenGenerationTimeMs":114.1188}
{"timestamp":"2025-06-16 10:29:13","type":"logout","address":"0x60c15117eae2441cf62876baadb40ba5fed7912e","status":"success","ip":"::1","action":"user_logged_out"}
{"timestamp":"2025-06-16 10:57:53","type":"nonce_issued","address":"0x60c15117eae2441cf62876baadb40ba5fed7912e","status":"pending","ip":"::1"}
{"timestamp":"2025-06-16 10:59:02","type":"nonce_issued","address":"0x77c7710051e3e9e135a98525ff496f9cfec45fc6","status":"pending","ip":"::1"}
{"timestamp":"2025-06-16 10:59:09","type":"login","address":"0x77c7710051e3e9e135a98525ff496f9cfec45fc6","status":"success","ip":"::1","tokenExpiresIn":"1h","verificationTimeMs":26.6408,"tokenGenerationTimeMs":4.2806}
{"timestamp":"2025-06-16 11:03:08","type":"logout","address":"0x77c7710051e3e9e135a98525ff496f9cfec45fc6","status":"success","ip":"::1","action":"user_logged_out"}
{"timestamp":"2025-06-16 11:03:20","type":"nonce_issued","address":"0x77c7710051e3e9e135a98525ff496f9cfec45fc6","status":"pending","ip":"::1"}
{"timestamp":"2025-06-16 11:03:24","type":"login","address":"0x77c7710051e3e9e135a98525ff496f9cfec45fc6","status":"success","ip":"::1","tokenExpiresIn":"1h","verificationTimeMs":11.72,"tokenGenerationTimeMs":2.2482}
{"timestamp":"2025-06-16 11:06:47","type":"logout","address":"0x77c7710051e3e9e135a98525ff496f9cfec45fc6","status":"success","ip":"::1","action":"user_logged_out"}
{"timestamp":"2025-06-16 11:06:49","type":"nonce_issued","address":"0x77c7710051e3e9e135a98525ff496f9cfec45fc6","status":"pending","ip":"::1"}
{"timestamp":"2025-06-16 11:06:54","type":"login","address":"0x77c7710051e3e9e135a98525ff496f9cfec45fc6","status":"success","ip":"::1","tokenExpiresIn":"1h","verificationTimeMs":13.647,"tokenGenerationTimeMs":4.4807}
{"timestamp":"2025-06-16 11:23:02","type":"logout","address":"0x77c7710051e3e9e135a98525ff496f9cfec45fc6","status":"success","ip":"::1","action":"user_logged_out"}
{"timestamp":"2025-06-16 11:23:04","type":"nonce_issued","address":"0x77c7710051e3e9e135a98525ff496f9cfec45fc6","status":"pending","ip":"::1"}
{"timestamp":"2025-06-16 11:23:09","type":"login","address":"0x77c7710051e3e9e135a98525ff496f9cfec45fc6","status":"success","ip":"::1","tokenExpiresIn":"1h","verificationTimeMs":161.1701,"tokenGenerationTimeMs":3.7663}
{"timestamp":"2025-06-16 11:38:15","type":"nonce_issued","address":"0x77c7710051e3e9e135a98525ff496f9cfec45fc6","status":"pending","ip":"::1"}
{"timestamp":"2025-06-16 11:38:24","type":"login","address":"0x77c7710051e3e9e135a98525ff496f9cfec45fc6","status":"success","ip":"::1","tokenExpiresIn":"1h","verificationTimeMs":170.9098,"tokenGenerationTimeMs":7.4506}
{"timestamp":"2025-06-16 14:02:23","type":"nonce_issued","address":"0x77c7710051e3e9e135a98525ff496f9cfec45fc6","status":"pending","ip":"::1"}
{"timestamp":"2025-06-16 14:02:28","type":"login","address":"0x77c7710051e3e9e135a98525ff496f9cfec45fc6","status":"success","ip":"::1","tokenExpiresIn":"1h","verificationTimeMs":112.0874,"tokenGenerationTimeMs":4.961}
{"timestamp":"2025-06-16 14:05:28","type":"nonce_issued","address":"0x77c7710051e3e9e135a98525ff496f9cfec45fc6","status":"pending","ip":"::1"}
{"timestamp":"2025-06-16 14:05:35","type":"login","address":"0x77c7710051e3e9e135a98525ff496f9cfec45fc6","status":"success","ip":"::1","tokenExpiresIn":"1h","verificationTimeMs":10.7743,"tokenGenerationTimeMs":2.4858}
{"timestamp":"2025-06-16 14:07:52","type":"nonce_issued","address":"0x77c7710051e3e9e135a98525ff496f9cfec45fc6","status":"pending","ip":"::1"}
{"timestamp":"2025-06-16 14:07:57","type":"login","address":"0x77c7710051e3e9e135a98525ff496f9cfec45fc6","status":"success","ip":"::1","tokenExpiresIn":"1h","verificationTimeMs":14.8448,"tokenGenerationTimeMs":2.4044}
{"timestamp":"2025-06-16 15:09:55","type":"nonce_issued","address":"0x77c7710051e3e9e135a98525ff496f9cfec45fc6","status":"pending","ip":"::1"}
{"timestamp":"2025-06-16 15:10:06","type":"login","address":"0x77c7710051e3e9e135a98525ff496f9cfec45fc6","status":"success","ip":"::1","tokenExpiresIn":"1h","verificationTimeMs":177.5799,"tokenGenerationTimeMs":3.5971}
{"timestamp":"2025-06-16 17:15:05","type":"login","address":"0xad396682914ac8854aa5d8ee6449f8a54f248621","status":"failure","ip":"::1","reason":"unregistered_user"}
{"timestamp":"2025-06-16 17:15:23","type":"nonce_issued","address":"0x77c7710051e3e9e135a98525ff496f9cfec45fc6","status":"pending","ip":"::1"}
{"timestamp":"2025-06-16 17:15:27","type":"login","address":"0x77c7710051e3e9e135a98525ff496f9cfec45fc6","status":"success","ip":"::1","tokenExpiresIn":"1h","verificationTimeMs":114.1306,"tokenGenerationTimeMs":3.6017}
{"timestamp":"2025-06-17 11:04:19","type":"nonce_issued","address":"0x77c7710051e3e9e135a98525ff496f9cfec45fc6","status":"pending","ip":"::1"}
{"timestamp":"2025-06-17 11:05:10","type":"login","address":"0x77c7710051e3e9e135a98525ff496f9cfec45fc6","status":"success","ip":"::1","tokenExpiresIn":"1h","verificationTimeMs":209.0491,"tokenGenerationTimeMs":15.2546}
{"timestamp":"2025-06-17 12:08:07","type":"nonce_issued","address":"0x77c7710051e3e9e135a98525ff496f9cfec45fc6","status":"pending","ip":"::1"}
{"timestamp":"2025-06-17 12:08:13","type":"login","address":"0x77c7710051e3e9e135a98525ff496f9cfec45fc6","status":"success","ip":"::1","tokenExpiresIn":"1h","verificationTimeMs":14.8135,"tokenGenerationTimeMs":4.3884}
{"timestamp":"2025-06-17 13:49:49","type":"nonce_issued","address":"0x77c7710051e3e9e135a98525ff496f9cfec45fc6","status":"pending","ip":"::1"}
{"timestamp":"2025-06-17 13:49:53","type":"login","address":"0x77c7710051e3e9e135a98525ff496f9cfec45fc6","status":"success","ip":"::1","tokenExpiresIn":"1h","verificationTimeMs":17.2699,"tokenGenerationTimeMs":3.8268}
{"timestamp":"2025-06-17 13:52:37","type":"nonce_issued","address":"0x77c7710051e3e9e135a98525ff496f9cfec45fc6","status":"pending","ip":"::1"}
{"timestamp":"2025-06-17 13:52:41","type":"login","address":"0x77c7710051e3e9e135a98525ff496f9cfec45fc6","status":"success","ip":"::1","tokenExpiresIn":"1h","verificationTimeMs":15.475,"tokenGenerationTimeMs":3.3078}
{"timestamp":"2025-06-17 15:58:50","type":"nonce_issued","address":"0x77c7710051e3e9e135a98525ff496f9cfec45fc6","status":"pending","ip":"::1"}
{"timestamp":"2025-06-17 15:58:54","type":"login","address":"0x77c7710051e3e9e135a98525ff496f9cfec45fc6","status":"success","ip":"::1","tokenExpiresIn":"1h","verificationTimeMs":21.7359,"tokenGenerationTimeMs":2.2703}
{"timestamp":"2025-06-17 16:19:48","type":"nonce_issued","address":"0x77c7710051e3e9e135a98525ff496f9cfec45fc6","status":"pending","ip":"::1"}
{"timestamp":"2025-06-17 16:19:51","type":"login","address":"0x77c7710051e3e9e135a98525ff496f9cfec45fc6","status":"success","ip":"::1","tokenExpiresIn":"1h","verificationTimeMs":15.6998,"tokenGenerationTimeMs":7.0532}
{"timestamp":"2025-06-17 16:55:38","type":"nonce_issued","address":"0x77c7710051e3e9e135a98525ff496f9cfec45fc6","status":"pending","ip":"::1"}
{"timestamp":"2025-06-17 16:55:42","type":"login","address":"0x77c7710051e3e9e135a98525ff496f9cfec45fc6","status":"success","ip":"::1","tokenExpiresIn":"1h","verificationTimeMs":21.3984,"tokenGenerationTimeMs":13.5831}
{"timestamp":"2025-06-17 16:55:51","type":"nonce_issued","address":"0x77c7710051e3e9e135a98525ff496f9cfec45fc6","status":"pending","ip":"::1"}
{"timestamp":"2025-06-17 16:55:56","type":"login","address":"0x77c7710051e3e9e135a98525ff496f9cfec45fc6","status":"success","ip":"::1","tokenExpiresIn":"1h","verificationTimeMs":24.728,"tokenGenerationTimeMs":4.0319}
{"timestamp":"2025-06-17 18:55:44","type":"nonce_issued","address":"0x77c7710051e3e9e135a98525ff496f9cfec45fc6","status":"pending","ip":"::1"}
{"timestamp":"2025-06-17 18:55:50","type":"login","address":"0x77c7710051e3e9e135a98525ff496f9cfec45fc6","status":"success","ip":"::1","tokenExpiresIn":"1h","verificationTimeMs":132.8052,"tokenGenerationTimeMs":2.577}
{"timestamp":"2025-06-18 12:04:18","type":"nonce_issued","address":"0x77c7710051e3e9e135a98525ff496f9cfec45fc6","status":"pending","ip":"::1"}
{"timestamp":"2025-06-18 12:05:19","type":"nonce_issued","address":"0x77c7710051e3e9e135a98525ff496f9cfec45fc6","status":"pending","ip":"::1"}
{"timestamp":"2025-06-18 12:05:26","type":"login","address":"0x77c7710051e3e9e135a98525ff496f9cfec45fc6","status":"success","ip":"::1","tokenExpiresIn":"1h","verificationTimeMs":59.9431,"tokenGenerationTimeMs":19.5865}
{"timestamp":"2025-06-18 12:06:00","type":"nonce_issued","address":"0x77c7710051e3e9e135a98525ff496f9cfec45fc6","status":"pending","ip":"::1"}
{"timestamp":"2025-06-18 12:06:05","type":"login","address":"0x77c7710051e3e9e135a98525ff496f9cfec45fc6","status":"success","ip":"::1","tokenExpiresIn":"1h","verificationTimeMs":15.847,"tokenGenerationTimeMs":4.0504}
{"timestamp":"2025-06-18 12:15:19","type":"nonce_issued","address":"0x77c7710051e3e9e135a98525ff496f9cfec45fc6","status":"pending","ip":"::1"}
{"timestamp":"2025-06-18 12:19:03","type":"nonce_issued","address":"0x77c7710051e3e9e135a98525ff496f9cfec45fc6","status":"pending","ip":"::1"}
{"timestamp":"2025-06-18 12:19:09","type":"login","address":"0x77c7710051e3e9e135a98525ff496f9cfec45fc6","status":"success","ip":"::1","tokenExpiresIn":"1h","verificationTimeMs":14.65,"tokenGenerationTimeMs":2.0479}
{"timestamp":"2025-06-18 16:17:11","type":"login","address":"0xad396682914ac8854aa5d8ee6449f8a54f248621","status":"failure","ip":"::1","reason":"unregistered_user"}
{"timestamp":"2025-06-18 16:17:13","type":"login","address":"0xad396682914ac8854aa5d8ee6449f8a54f248621","status":"failure","ip":"::1","reason":"unregistered_user"}
{"timestamp":"2025-06-18 16:17:14","type":"login","address":"0xad396682914ac8854aa5d8ee6449f8a54f248621","status":"failure","ip":"::1","reason":"unregistered_user"}
{"timestamp":"2025-06-18 16:17:35","type":"nonce_issued","address":"0x60c15117eae2441cf62876baadb40ba5fed7912e","status":"pending","ip":"::1"}
{"timestamp":"2025-06-18 16:17:42","type":"login","address":"0x60c15117eae2441cf62876baadb40ba5fed7912e","status":"success","ip":"::1","tokenExpiresIn":"1h","verificationTimeMs":331.237,"tokenGenerationTimeMs":19.4699}
{"timestamp":"2025-06-18 16:17:58","type":"login","address":"0xad396682914ac8854aa5d8ee6449f8a54f248621","status":"failure","ip":"::1","reason":"unregistered_user"}
{"timestamp":"2025-06-18 16:20:37","type":"login","address":"0xad396682914ac8854aa5d8ee6449f8a54f248621","status":"failure","ip":"::1","reason":"unregistered_user"}
{"timestamp":"2025-06-18 16:32:58","type":"nonce_issued","address":"0x77c7710051e3e9e135a98525ff496f9cfec45fc6","status":"pending","ip":"::1"}
{"timestamp":"2025-06-18 16:33:02","type":"login","address":"0x77c7710051e3e9e135a98525ff496f9cfec45fc6","status":"success","ip":"::1","tokenExpiresIn":"1h","verificationTimeMs":16.8306,"tokenGenerationTimeMs":5.8726}
{"timestamp":"2025-06-18 17:46:39","type":"login","address":"0xb4fecc564783dbd4a7fcc2293455a2cec7b5d8b3","status":"failure","ip":"::1","reason":"unregistered_user"}
{"timestamp":"2025-06-18 21:21:13","type":"login","address":"0xb4fecc564783dbd4a7fcc2293455a2cec7b5d8b3","status":"failure","ip":"::1","reason":"unregistered_user"}
{"timestamp":"2025-06-18 22:57:23","type":"nonce_issued","address":"0xd94cc4f23112dd821b254eaa842a9a642817dc0f","status":"pending","ip":"::1"}
{"timestamp":"2025-06-18 22:57:30","type":"login","address":"0xd94cc4f23112dd821b254eaa842a9a642817dc0f","status":"success","ip":"::1","tokenExpiresIn":"1h","verificationTimeMs":0,"tokenGenerationTimeMs":4.2689}
{"timestamp":"2025-06-18 22:58:20","type":"nonce_issued","address":"0xc7cd28ad6f9555f0219626074f6c07626b91d393","status":"pending","ip":"::1"}
{"timestamp":"2025-06-18 22:58:26","type":"login","address":"0xc7cd28ad6f9555f0219626074f6c07626b91d393","status":"success","ip":"::1","tokenExpiresIn":"1h","verificationTimeMs":0,"tokenGenerationTimeMs":3.3073}
{"timestamp":"2025-06-19 11:19:04","type":"nonce_issued","address":"0xc7cd28ad6f9555f0219626074f6c07626b91d393","status":"pending","ip":"::1"}
{"timestamp":"2025-06-19 11:24:26","type":"nonce_issued","address":"0xc7cd28ad6f9555f0219626074f6c07626b91d393","status":"pending","ip":"::1"}
{"timestamp":"2025-06-19 11:24:33","type":"login","address":"0xc7cd28ad6f9555f0219626074f6c07626b91d393","status":"failure","ip":"::1","reason":"invalid_signature","error":"ethers.verifyMessage is not a function"}
{"timestamp":"2025-06-19 11:35:51","type":"nonce_issued","address":"0xc7cd28ad6f9555f0219626074f6c07626b91d393","status":"pending","ip":"::1"}
{"timestamp":"2025-06-19 11:35:57","type":"login","address":"0xc7cd28ad6f9555f0219626074f6c07626b91d393","status":"failure","ip":"::1","reason":"invalid_signature","error":"ethers.verifyMessage is not a function"}
{"timestamp":"2025-06-19 11:36:57","type":"nonce_issued","address":"0xc7cd28ad6f9555f0219626074f6c07626b91d393","status":"pending","ip":"::1"}
{"timestamp":"2025-06-19 11:37:06","type":"login","address":"0xc7cd28ad6f9555f0219626074f6c07626b91d393","status":"failure","ip":"::1","reason":"invalid_signature","error":"ethers.verifyMessage is not a function"}
{"timestamp":"2025-06-19 11:42:13","type":"nonce_issued","address":"0xc7cd28ad6f9555f0219626074f6c07626b91d393","status":"pending","ip":"::1"}
{"timestamp":"2025-06-19 11:42:21","type":"login","address":"0xc7cd28ad6f9555f0219626074f6c07626b91d393","status":"success","ip":"::1","tokenExpiresIn":"1h","verificationTimeMs":0,"tokenGenerationTimeMs":274.8883}
{"timestamp":"2025-06-19 14:38:10","type":"nonce_issued","address":"0xc7cd28ad6f9555f0219626074f6c07626b91d393","status":"pending","ip":"::1"}
{"timestamp":"2025-06-19 14:38:17","type":"login","address":"0xc7cd28ad6f9555f0219626074f6c07626b91d393","status":"success","ip":"::1","tokenExpiresIn":"1h","verificationTimeMs":0,"tokenGenerationTimeMs":7.1857}
{"timestamp":"2025-06-24 14:51:22","type":"nonce_issued","address":"0xc7cd28ad6f9555f0219626074f6c07626b91d393","status":"pending","ip":"::1"}
{"timestamp":"2025-06-24 14:51:27","type":"login","address":"0xc7cd28ad6f9555f0219626074f6c07626b91d393","status":"success","ip":"::1","tokenExpiresIn":"1h","verificationTimeMs":0,"tokenGenerationTimeMs":4.0483}
{"timestamp":"2025-06-24 16:06:53","type":"nonce_issued","address":"0xc7cd28ad6f9555f0219626074f6c07626b91d393","status":"pending","ip":"::1"}
{"timestamp":"2025-06-24 16:06:56","type":"login","address":"0xc7cd28ad6f9555f0219626074f6c07626b91d393","status":"success","ip":"::1","tokenExpiresIn":"1h","verificationTimeMs":0,"tokenGenerationTimeMs":8.7213}
{"timestamp":"2025-06-26 14:01:29","type":"nonce_issued","address":"0xc7cd28ad6f9555f0219626074f6c07626b91d393","status":"pending","ip":"::1"}
{"timestamp":"2025-06-26 14:01:33","type":"login","address":"0xc7cd28ad6f9555f0219626074f6c07626b91d393","status":"success","ip":"::1","tokenExpiresIn":"1h","verificationTimeMs":0,"tokenGenerationTimeMs":5.0761}
{"timestamp":"2025-06-26 14:04:10","type":"nonce_issued","address":"0xc7cd28ad6f9555f0219626074f6c07626b91d393","status":"pending","ip":"::1"}
{"timestamp":"2025-06-26 14:04:15","type":"login","address":"0xc7cd28ad6f9555f0219626074f6c07626b91d393","status":"success","ip":"::1","tokenExpiresIn":"1h","verificationTimeMs":0,"tokenGenerationTimeMs":4.7136}
{"timestamp":"2025-06-26 14:09:01","type":"nonce_issued","address":"0xc7cd28ad6f9555f0219626074f6c07626b91d393","status":"pending","ip":"::1"}
{"timestamp":"2025-06-26 14:09:05","type":"login","address":"0xc7cd28ad6f9555f0219626074f6c07626b91d393","status":"success","ip":"::1","tokenExpiresIn":"1h","verificationTimeMs":0,"tokenGenerationTimeMs":3.905}
{"timestamp":"2025-06-26 15:20:06","type":"nonce_issued","address":"0xc7cd28ad6f9555f0219626074f6c07626b91d393","status":"pending","ip":"::1"}
{"timestamp":"2025-06-26 15:20:11","type":"login","address":"0xc7cd28ad6f9555f0219626074f6c07626b91d393","status":"success","ip":"::1","tokenExpiresIn":"1h","verificationTimeMs":0,"tokenGenerationTimeMs":3.79}
{"timestamp":"2025-06-26 15:43:07","type":"nonce_issued","address":"0xc7cd28ad6f9555f0219626074f6c07626b91d393","status":"pending","ip":"::1"}
{"timestamp":"2025-06-26 15:43:11","type":"login","address":"0xc7cd28ad6f9555f0219626074f6c07626b91d393","status":"success","ip":"::1","tokenExpiresIn":"1h","verificationTimeMs":0,"tokenGenerationTimeMs":3.703}
{"timestamp":"2025-06-26 15:43:51","type":"nonce_issued","address":"0xc7cd28ad6f9555f0219626074f6c07626b91d393","status":"pending","ip":"::1"}
{"timestamp":"2025-06-26 15:43:56","type":"login","address":"0xc7cd28ad6f9555f0219626074f6c07626b91d393","status":"success","ip":"::1","tokenExpiresIn":"1h","verificationTimeMs":0,"tokenGenerationTimeMs":5.8554}
{"timestamp":"2025-06-26 15:49:14","type":"nonce_issued","address":"0xc7cd28ad6f9555f0219626074f6c07626b91d393","status":"pending","ip":"::1"}
{"timestamp":"2025-06-26 15:49:17","type":"login","address":"0xc7cd28ad6f9555f0219626074f6c07626b91d393","status":"success","ip":"::1","tokenExpiresIn":"1h","verificationTimeMs":0,"tokenGenerationTimeMs":7.5674}
{"timestamp":"2025-06-26 15:51:52","type":"nonce_issued","address":"0xc7cd28ad6f9555f0219626074f6c07626b91d393","status":"pending","ip":"::1"}
{"timestamp":"2025-06-26 15:51:57","type":"login","address":"0xc7cd28ad6f9555f0219626074f6c07626b91d393","status":"success","ip":"::1","tokenExpiresIn":"1h","verificationTimeMs":0,"tokenGenerationTimeMs":24.1352}
{"timestamp":"2025-06-26 16:39:17","type":"nonce_issued","address":"0xc7cd28ad6f9555f0219626074f6c07626b91d393","status":"pending","ip":"::1"}
{"timestamp":"2025-06-26 16:39:22","type":"login","address":"0xc7cd28ad6f9555f0219626074f6c07626b91d393","status":"success","ip":"::1","tokenExpiresIn":"1h","verificationTimeMs":0,"tokenGenerationTimeMs":220.8051}
{"timestamp":"2025-06-26 17:08:47","type":"nonce_issued","address":"0xc7cd28ad6f9555f0219626074f6c07626b91d393","status":"pending","ip":"::1"}
{"timestamp":"2025-06-26 17:08:55","type":"login","address":"0xc7cd28ad6f9555f0219626074f6c07626b91d393","status":"success","ip":"::1","tokenExpiresIn":"1h","verificationTimeMs":0,"tokenGenerationTimeMs":7.4657}
{"timestamp":"2025-06-26 17:10:44","type":"nonce_issued","address":"0xc7cd28ad6f9555f0219626074f6c07626b91d393","status":"pending","ip":"::1"}
{"timestamp":"2025-06-26 17:10:48","type":"login","address":"0xc7cd28ad6f9555f0219626074f6c07626b91d393","status":"success","ip":"::1","tokenExpiresIn":"1h","verificationTimeMs":0,"tokenGenerationTimeMs":8.6626}
{"timestamp":"2025-06-26 17:14:13","type":"login","address":"0xc7cd28ad6f9555f0219626074f6c07626b91d393","status":"failure","ip":"::1","reason":"unregistered_user","error":"could not detect network (event=\"noNetwork\", code=NETWORK_ERROR, version=providers/5.7.2)"}
{"timestamp":"2025-06-26 17:14:17","type":"login","address":"0xc7cd28ad6f9555f0219626074f6c07626b91d393","status":"failure","ip":"::1","reason":"unregistered_user","error":"could not detect network (event=\"noNetwork\", code=NETWORK_ERROR, version=providers/5.7.2)"}
{"timestamp":"2025-06-26 17:14:31","type":"login","address":"0xc7cd28ad6f9555f0219626074f6c07626b91d393","status":"failure","ip":"::1","reason":"unregistered_user","error":"could not detect network (event=\"noNetwork\", code=NETWORK_ERROR, version=providers/5.7.2)"}
{"timestamp":"2025-06-26 17:14:45","type":"login","address":"0xd94cc4f23112dd821b254eaa842a9a642817dc0f","status":"failure","ip":"::1","reason":"unregistered_user","error":"could not detect network (event=\"noNetwork\", code=NETWORK_ERROR, version=providers/5.7.2)"}
{"timestamp":"2025-06-26 17:15:00","type":"login","address":"0xd94cc4f23112dd821b254eaa842a9a642817dc0f","status":"failure","ip":"::1","reason":"unregistered_user","error":"could not detect network (event=\"noNetwork\", code=NETWORK_ERROR, version=providers/5.7.2)"}
{"timestamp":"2025-06-26 17:15:10","type":"login","address":"0xd94cc4f23112dd821b254eaa842a9a642817dc0f","status":"failure","ip":"::1","reason":"unregistered_user","error":"could not detect network (event=\"noNetwork\", code=NETWORK_ERROR, version=providers/5.7.2)"}
{"timestamp":"2025-06-26 17:15:26","type":"login","address":"0xd94cc4f23112dd821b254eaa842a9a642817dc0f","status":"failure","ip":"::1","reason":"unregistered_user","error":"could not detect network (event=\"noNetwork\", code=NETWORK_ERROR, version=providers/5.7.2)"}
{"timestamp":"2025-06-26 17:15:35","type":"login","address":"0xc7cd28ad6f9555f0219626074f6c07626b91d393","status":"failure","ip":"::1","reason":"unregistered_user","error":"could not detect network (event=\"noNetwork\", code=NETWORK_ERROR, version=providers/5.7.2)"}
{"timestamp":"2025-06-27 14:57:07","type":"login","address":"0xc7cd28ad6f9555f0219626074f6c07626b91d393","status":"failure","ip":"::1","reason":"unregistered_user","error":"could not detect network (event=\"noNetwork\", code=NETWORK_ERROR, version=providers/5.7.2)"}
{"timestamp":"2025-06-27 14:57:27","type":"login","address":"0xc7cd28ad6f9555f0219626074f6c07626b91d393","status":"failure","ip":"::1","reason":"unregistered_user","error":"could not detect network (event=\"noNetwork\", code=NETWORK_ERROR, version=providers/5.7.2)"}
{"timestamp":"2025-06-27 15:04:31","type":"login","address":"0xc7cd28ad6f9555f0219626074f6c07626b91d393","status":"failure","ip":"::1","reason":"unregistered_user","error":"could not detect network (event=\"noNetwork\", code=NETWORK_ERROR, version=providers/5.7.2)"}
{"timestamp":"2025-06-27 15:10:30","type":"nonce_issued","address":"0xc7cd28ad6f9555f0219626074f6c07626b91d393","status":"pending","ip":"::1"}
{"timestamp":"2025-06-27 15:10:35","type":"login","address":"0xc7cd28ad6f9555f0219626074f6c07626b91d393","status":"success","ip":"::1","tokenExpiresIn":"1h","verificationTimeMs":0,"tokenGenerationTimeMs":134.0474}
{"timestamp":"2025-06-27 16:38:16","type":"nonce_issued","address":"0xc7cd28ad6f9555f0219626074f6c07626b91d393","status":"pending","ip":"::1"}
{"timestamp":"2025-06-27 16:38:20","type":"login","address":"0xc7cd28ad6f9555f0219626074f6c07626b91d393","status":"success","ip":"::1","tokenExpiresIn":"1h","verificationTimeMs":0,"tokenGenerationTimeMs":8.2342}
{"timestamp":"2025-06-29 15:28:58","type":"nonce_issued","address":"0xd94cc4f23112dd821b254eaa842a9a642817dc0f","status":"pending","ip":"::1"}
{"timestamp":"2025-06-29 15:29:03","type":"login","address":"0xd94cc4f23112dd821b254eaa842a9a642817dc0f","status":"success","ip":"::1","tokenExpiresIn":"1h","verificationTimeMs":0,"tokenGenerationTimeMs":6.3777}
{"timestamp":"2025-06-29 15:47:16","type":"nonce_issued","address":"0xc7cd28ad6f9555f0219626074f6c07626b91d393","status":"pending","ip":"::1"}
{"timestamp":"2025-06-29 15:47:19","type":"login","address":"0xc7cd28ad6f9555f0219626074f6c07626b91d393","status":"success","ip":"::1","tokenExpiresIn":"1h","verificationTimeMs":0,"tokenGenerationTimeMs":3.4683}
{"timestamp":"2025-06-29 19:17:10","type":"nonce_issued","address":"0xc7cd28ad6f9555f0219626074f6c07626b91d393","status":"pending","ip":"::1"}
{"timestamp":"2025-06-29 19:17:15","type":"login","address":"0xc7cd28ad6f9555f0219626074f6c07626b91d393","status":"success","ip":"::1","tokenExpiresIn":"1h","verificationTimeMs":0,"tokenGenerationTimeMs":6.8138}
{"timestamp":"2025-06-29 21:27:13","type":"login","address":"0xc7cd28ad6f9555f0219626074f6c07626b91d393","status":"failure","ip":"::1","reason":"unregistered_user","error":"missing revert data in call exception; Transaction reverted without a reason string [ See: https://links.ethers.org/v5-errors-CALL_EXCEPTION ] (data=\"0x\", transaction={\"from\":\"0xc7Cd28aD6f9555f0219626074F6C07626B91d393\",\"to\":\"0xD43dE4ca73fFc9B6894488d4ED06d31CD1c5b365\",\"data\":\"0xcc3d967b000000000000000000000000c7cd28ad6f9555f0219626074f6c07626b91d393\",\"accessList\":null}, error={\"reason\":\"processing response error\",\"code\":\"SERVER_ERROR\",\"body\":\"{\\\"id\\\":44,\\\"jsonrpc\\\":\\\"2.0\\\",\\\"error\\\":{\\\"message\\\":\\\"VM Exception while processing transaction: revert User not registered\\\",\\\"stack\\\":\\\"CallError: VM Exception while processing transaction: revert User not registered\\\\n    at Blockchain.simulateTransaction (C:\\\\\\\\Program Files\\\\\\\\WindowsApps\\\\\\\\GanacheUI_2.7.1.0_x64__rb4352f0jd4m2\\\\\\\\app\\\\\\\\resources\\\\\\\\static\\\\\\\\node\\\\\\\\node_modules\\\\\\\\ganache\\\\\\\\dist\\\\\\\\node\\\\\\\\1.js:2:72658)\\\",\\\"code\\\":-32000,\\\"name\\\":\\\"CallError\\\",\\\"data\\\":\\\"0x08c379a00000000000000000000000000000000000000000000000000000000000000020000000000000000000000000000000000000000000000000000000000000001355736572206e6f74207265676973746572656400000000000000000000000000\\\"}}\",\"error\":{\"code\":-32000,\"data\":\"0x08c379a00000000000000000000000000000000000000000000000000000000000000020000000000000000000000000000000000000000000000000000000000000001355736572206e6f74207265676973746572656400000000000000000000000000\"},\"requestBody\":\"{\\\"method\\\":\\\"eth_call\\\",\\\"params\\\":[{\\\"from\\\":\\\"0xc7cd28ad6f9555f0219626074f6c07626b91d393\\\",\\\"to\\\":\\\"0xd43de4ca73ffc9b6894488d4ed06d31cd1c5b365\\\",\\\"data\\\":\\\"0xcc3d967b000000000000000000000000c7cd28ad6f9555f0219626074f6c07626b91d393\\\"},\\\"latest\\\"],\\\"id\\\":44,\\\"jsonrpc\\\":\\\"2.0\\\"}\",\"requestMethod\":\"POST\",\"url\":\"http://127.0.0.1:8545\"}, code=CALL_EXCEPTION, version=providers/5.7.2)"}
{"timestamp":"2025-06-29 22:14:08","type":"nonce_issued","address":"0x57c2d729fd2524da18394ad470aa8874f21ec8b7","status":"pending","ip":"::1"}
{"timestamp":"2025-06-29 22:14:13","type":"login","address":"0x57c2d729fd2524da18394ad470aa8874f21ec8b7","status":"success","ip":"::1","tokenExpiresIn":"1h","verificationTimeMs":0,"tokenGenerationTimeMs":82.0274}
{"timestamp":"2025-06-29 22:14:44","type":"certificate_created","address":"0x57c2d729fd2524da18394ad470aa8874f21ec8b7","status":"success","ip":"::1","targetUser":"0x57c2d729fd2524da18394ad470aa8874f21ec8b7","serialNumber":"CERT-1751215455078"}
{"timestamp":"2025-06-29 22:26:05","type":"nonce_issued","address":"0x57c2d729fd2524da18394ad470aa8874f21ec8b7","status":"pending","ip":"::1"}
{"timestamp":"2025-06-29 22:26:39","type":"login","address":"0xf19e080c06ac2aaeffd6bdba12c059e6f098b634","status":"failure","ip":"::1","reason":"unregistered_user","error":"missing revert data in call exception; Transaction reverted without a reason string [ See: https://links.ethers.org/v5-errors-CALL_EXCEPTION ] (data=\"0x\", transaction={\"from\":\"0x57C2d729Fd2524dA18394Ad470Aa8874F21ec8b7\",\"to\":\"0x3328D78F73B3BEe10f06A21b8eF22D4747290749\",\"data\":\"0xcc3d967b000000000000000000000000f19e080c06ac2aaeffd6bdba12c059e6f098b634\",\"accessList\":null}, error={\"reason\":\"processing response error\",\"code\":\"SERVER_ERROR\",\"body\":\"{\\\"id\\\":87,\\\"jsonrpc\\\":\\\"2.0\\\",\\\"error\\\":{\\\"message\\\":\\\"VM Exception while processing transaction: revert User not registered\\\",\\\"stack\\\":\\\"CallError: VM Exception while processing transaction: revert User not registered\\\\n    at Blockchain.simulateTransaction (C:\\\\\\\\Program Files\\\\\\\\WindowsApps\\\\\\\\GanacheUI_2.7.1.0_x64__rb4352f0jd4m2\\\\\\\\app\\\\\\\\resources\\\\\\\\static\\\\\\\\node\\\\\\\\node_modules\\\\\\\\ganache\\\\\\\\dist\\\\\\\\node\\\\\\\\1.js:2:72658)\\\",\\\"code\\\":-32000,\\\"name\\\":\\\"CallError\\\",\\\"data\\\":\\\"0x08c379a00000000000000000000000000000000000000000000000000000000000000020000000000000000000000000000000000000000000000000000000000000001355736572206e6f74207265676973746572656400000000000000000000000000\\\"}}\",\"error\":{\"code\":-32000,\"data\":\"0x08c379a00000000000000000000000000000000000000000000000000000000000000020000000000000000000000000000000000000000000000000000000000000001355736572206e6f74207265676973746572656400000000000000000000000000\"},\"requestBody\":\"{\\\"method\\\":\\\"eth_call\\\",\\\"params\\\":[{\\\"from\\\":\\\"0x57c2d729fd2524da18394ad470aa8874f21ec8b7\\\",\\\"to\\\":\\\"0x3328d78f73b3bee10f06a21b8ef22d4747290749\\\",\\\"data\\\":\\\"0xcc3d967b000000000000000000000000f19e080c06ac2aaeffd6bdba12c059e6f098b634\\\"},\\\"latest\\\"],\\\"id\\\":87,\\\"jsonrpc\\\":\\\"2.0\\\"}\",\"requestMethod\":\"POST\",\"url\":\"http://127.0.0.1:8545\"}, code=CALL_EXCEPTION, version=providers/5.7.2)"}
{"timestamp":"2025-06-29 22:27:11","type":"nonce_issued","address":"0xf19e080c06ac2aaeffd6bdba12c059e6f098b634","status":"pending","ip":"::1"}
{"timestamp":"2025-06-29 22:27:16","type":"login","address":"0xf19e080c06ac2aaeffd6bdba12c059e6f098b634","status":"success","ip":"::1","tokenExpiresIn":"1h","verificationTimeMs":0,"tokenGenerationTimeMs":5.9367}
{"timestamp":"2025-06-29 23:06:03","type":"login","address":"0x39bb1199540ea7aae01e9e0802715f239041d117","status":"failure","ip":"::1","reason":"unregistered_user","error":"missing revert data in call exception; Transaction reverted without a reason string [ See: https://links.ethers.org/v5-errors-CALL_EXCEPTION ] (data=\"0x\", transaction={\"from\":\"0x39BB1199540EA7aAe01E9E0802715f239041d117\",\"to\":\"0x45C21F4A816b33Be07383dEB36772c23Bf434bfD\",\"data\":\"0xcc3d967b00000000000000000000000039bb1199540ea7aae01e9e0802715f239041d117\",\"accessList\":null}, error={\"reason\":\"processing response error\",\"code\":\"SERVER_ERROR\",\"body\":\"{\\\"id\\\":44,\\\"jsonrpc\\\":\\\"2.0\\\",\\\"error\\\":{\\\"message\\\":\\\"VM Exception while processing transaction: revert User not registered\\\",\\\"stack\\\":\\\"CallError: VM Exception while processing transaction: revert User not registered\\\\n    at Blockchain.simulateTransaction (C:\\\\\\\\Program Files\\\\\\\\WindowsApps\\\\\\\\GanacheUI_2.7.1.0_x64__rb4352f0jd4m2\\\\\\\\app\\\\\\\\resources\\\\\\\\static\\\\\\\\node\\\\\\\\node_modules\\\\\\\\ganache\\\\\\\\dist\\\\\\\\node\\\\\\\\1.js:2:72658)\\\",\\\"code\\\":-32000,\\\"name\\\":\\\"CallError\\\",\\\"data\\\":\\\"0x08c379a00000000000000000000000000000000000000000000000000000000000000020000000000000000000000000000000000000000000000000000000000000001355736572206e6f74207265676973746572656400000000000000000000000000\\\"}}\",\"error\":{\"code\":-32000,\"data\":\"0x08c379a00000000000000000000000000000000000000000000000000000000000000020000000000000000000000000000000000000000000000000000000000000001355736572206e6f74207265676973746572656400000000000000000000000000\"},\"requestBody\":\"{\\\"method\\\":\\\"eth_call\\\",\\\"params\\\":[{\\\"from\\\":\\\"0x39bb1199540ea7aae01e9e0802715f239041d117\\\",\\\"to\\\":\\\"0x45c21f4a816b33be07383deb36772c23bf434bfd\\\",\\\"data\\\":\\\"0xcc3d967b00000000000000000000000039bb1199540ea7aae01e9e0802715f239041d117\\\"},\\\"latest\\\"],\\\"id\\\":44,\\\"jsonrpc\\\":\\\"2.0\\\"}\",\"requestMethod\":\"POST\",\"url\":\"http://127.0.0.1:8545\"}, code=CALL_EXCEPTION, version=providers/5.7.2)"}
{"timestamp":"2025-06-29 23:10:00","type":"nonce_issued","address":"0x39bb1199540ea7aae01e9e0802715f239041d117","status":"pending","ip":"::1"}
{"timestamp":"2025-06-29 23:10:07","type":"login","address":"0x39bb1199540ea7aae01e9e0802715f239041d117","status":"success","ip":"::1","tokenExpiresIn":"1h","verificationTimeMs":0,"tokenGenerationTimeMs":176.9968}
{"timestamp":"2025-06-29 23:12:02","type":"nonce_issued","address":"0x74276e5296c948cccc7bb8424733665376f2737e","status":"pending","ip":"::1"}
{"timestamp":"2025-06-29 23:12:11","type":"login","address":"0x74276e5296c948cccc7bb8424733665376f2737e","status":"success","ip":"::1","tokenExpiresIn":"1h","verificationTimeMs":0,"tokenGenerationTimeMs":12.0255}
{"timestamp":"2025-06-29 23:12:40","type":"certificate_created","address":"0x74276e5296c948cccc7bb8424733665376f2737e","status":"success","ip":"::1","targetUser":"0x74276e5296c948cccc7bb8424733665376f2737e","serialNumber":""}
{"timestamp":"2025-06-29 23:18:57","type":"nonce_issued","address":"0x74276e5296c948cccc7bb8424733665376f2737e","status":"pending","ip":"::1"}
{"timestamp":"2025-06-29 23:19:02","type":"login","address":"0x74276e5296c948cccc7bb8424733665376f2737e","status":"success","ip":"::1","tokenExpiresIn":"1h","verificationTimeMs":0,"tokenGenerationTimeMs":44.1261}
{"timestamp":"2025-06-29 23:20:14","type":"nonce_issued","address":"0x39bb1199540ea7aae01e9e0802715f239041d117","status":"pending","ip":"::1"}
{"timestamp":"2025-06-29 23:20:17","type":"login","address":"0x39bb1199540ea7aae01e9e0802715f239041d117","status":"success","ip":"::1","tokenExpiresIn":"1h","verificationTimeMs":0,"tokenGenerationTimeMs":4.8999}
{"timestamp":"2025-06-30 00:06:48","type":"nonce_issued","address":"0x39bb1199540ea7aae01e9e0802715f239041d117","status":"pending","ip":"::1"}
{"timestamp":"2025-06-30 00:07:03","type":"nonce_issued","address":"0x74276e5296c948cccc7bb8424733665376f2737e","status":"pending","ip":"::1"}
{"timestamp":"2025-06-30 00:07:08","type":"login","address":"0x74276e5296c948cccc7bb8424733665376f2737e","status":"success","ip":"::1","tokenExpiresIn":"1h","verificationTimeMs":0,"tokenGenerationTimeMs":22.5917}
{"timestamp":"2025-06-30 00:07:27","type":"certificate_created","address":"0x74276e5296c948cccc7bb8424733665376f2737e","status":"success","ip":"::1","targetUser":"0x74276e5296c948cccc7bb8424733665376f2737e","serialNumber":"CERT-1751222230984"}
{"timestamp":"2025-06-30 00:24:19","type":"nonce_issued","address":"0x1e0012cc373fa1328c9b5fa271b65acecf020c70","status":"pending","ip":"::1"}
{"timestamp":"2025-06-30 00:24:26","type":"login","address":"0x1e0012cc373fa1328c9b5fa271b65acecf020c70","status":"success","ip":"::1","tokenExpiresIn":"1h","verificationTimeMs":0,"tokenGenerationTimeMs":13.4164}
{"timestamp":"2025-06-30 00:25:15","type":"certificate_created","address":"0x1e0012cc373fa1328c9b5fa271b65acecf020c70","status":"success","ip":"::1","targetUser":"0x1e0012cc373fa1328c9b5fa271b65acecf020c70","serialNumber":"CERT-1751223282058"}
{"timestamp":"2025-06-30 00:34:56","type":"nonce_issued","address":"0x1e0012cc373fa1328c9b5fa271b65acecf020c70","status":"pending","ip":"::1"}
{"timestamp":"2025-06-30 00:35:02","type":"login","address":"0x1e0012cc373fa1328c9b5fa271b65acecf020c70","status":"success","ip":"::1","tokenExpiresIn":"1h","verificationTimeMs":0,"tokenGenerationTimeMs":8.3001}
{"timestamp":"2025-06-30 07:17:01","type":"nonce_issued","address":"0x1e0012cc373fa1328c9b5fa271b65acecf020c70","status":"pending","ip":"::1"}
{"timestamp":"2025-06-30 07:17:06","type":"login","address":"0x1e0012cc373fa1328c9b5fa271b65acecf020c70","status":"success","ip":"::1","tokenExpiresIn":"1h","verificationTimeMs":0,"tokenGenerationTimeMs":12.3625}
{"timestamp":"2025-06-30 07:24:01","type":"login","address":"0x772170339f0230b033a5ef682f0950842fa14aa3","status":"failure","ip":"::1","reason":"unregistered_user","error":"missing revert data in call exception; Transaction reverted without a reason string [ See: https://links.ethers.org/v5-errors-CALL_EXCEPTION ] (data=\"0x\", transaction={\"from\":\"0x1e0012cc373FA1328C9b5fA271B65AcECF020c70\",\"to\":\"0x1a2882B2378F65e68A218BA555c5D60b7953d896\",\"data\":\"0xcc3d967b000000000000000000000000772170339f0230b033a5ef682f0950842fa14aa3\",\"accessList\":null}, error={\"reason\":\"processing response error\",\"code\":\"SERVER_ERROR\",\"body\":\"{\\\"id\\\":170,\\\"jsonrpc\\\":\\\"2.0\\\",\\\"error\\\":{\\\"message\\\":\\\"VM Exception while processing transaction: revert User not registered\\\",\\\"stack\\\":\\\"CallError: VM Exception while processing transaction: revert User not registered\\\\n    at Blockchain.simulateTransaction (C:\\\\\\\\Program Files\\\\\\\\WindowsApps\\\\\\\\GanacheUI_2.7.1.0_x64__rb4352f0jd4m2\\\\\\\\app\\\\\\\\resources\\\\\\\\static\\\\\\\\node\\\\\\\\node_modules\\\\\\\\ganache\\\\\\\\dist\\\\\\\\node\\\\\\\\1.js:2:72658)\\\",\\\"code\\\":-32000,\\\"name\\\":\\\"CallError\\\",\\\"data\\\":\\\"0x08c379a00000000000000000000000000000000000000000000000000000000000000020000000000000000000000000000000000000000000000000000000000000001355736572206e6f74207265676973746572656400000000000000000000000000\\\"}}\",\"error\":{\"code\":-32000,\"data\":\"0x08c379a00000000000000000000000000000000000000000000000000000000000000020000000000000000000000000000000000000000000000000000000000000001355736572206e6f74207265676973746572656400000000000000000000000000\"},\"requestBody\":\"{\\\"method\\\":\\\"eth_call\\\",\\\"params\\\":[{\\\"from\\\":\\\"0x1e0012cc373fa1328c9b5fa271b65acecf020c70\\\",\\\"to\\\":\\\"0x1a2882b2378f65e68a218ba555c5d60b7953d896\\\",\\\"data\\\":\\\"0xcc3d967b000000000000000000000000772170339f0230b033a5ef682f0950842fa14aa3\\\"},\\\"latest\\\"],\\\"id\\\":170,\\\"jsonrpc\\\":\\\"2.0\\\"}\",\"requestMethod\":\"POST\",\"url\":\"http://127.0.0.1:8545\"}, code=CALL_EXCEPTION, version=providers/5.7.2)"}
{"timestamp":"2025-06-30 07:30:24","type":"login","address":"0x772170339f0230b033a5ef682f0950842fa14aa3","status":"failure","ip":"::1","reason":"unregistered_user","error":"missing revert data in call exception; Transaction reverted without a reason string [ See: https://links.ethers.org/v5-errors-CALL_EXCEPTION ] (data=\"0x\", transaction={\"from\":\"0x1e0012cc373FA1328C9b5fA271B65AcECF020c70\",\"to\":\"0x1a2882B2378F65e68A218BA555c5D60b7953d896\",\"data\":\"0xcc3d967b000000000000000000000000772170339f0230b033a5ef682f0950842fa14aa3\",\"accessList\":null}, error={\"reason\":\"processing response error\",\"code\":\"SERVER_ERROR\",\"body\":\"{\\\"id\\\":44,\\\"jsonrpc\\\":\\\"2.0\\\",\\\"error\\\":{\\\"message\\\":\\\"VM Exception while processing transaction: revert User not registered\\\",\\\"stack\\\":\\\"CallError: VM Exception while processing transaction: revert User not registered\\\\n    at Blockchain.simulateTransaction (C:\\\\\\\\Program Files\\\\\\\\WindowsApps\\\\\\\\GanacheUI_2.7.1.0_x64__rb4352f0jd4m2\\\\\\\\app\\\\\\\\resources\\\\\\\\static\\\\\\\\node\\\\\\\\node_modules\\\\\\\\ganache\\\\\\\\dist\\\\\\\\node\\\\\\\\1.js:2:72658)\\\",\\\"code\\\":-32000,\\\"name\\\":\\\"CallError\\\",\\\"data\\\":\\\"0x08c379a00000000000000000000000000000000000000000000000000000000000000020000000000000000000000000000000000000000000000000000000000000001355736572206e6f74207265676973746572656400000000000000000000000000\\\"}}\",\"error\":{\"code\":-32000,\"data\":\"0x08c379a00000000000000000000000000000000000000000000000000000000000000020000000000000000000000000000000000000000000000000000000000000001355736572206e6f74207265676973746572656400000000000000000000000000\"},\"requestBody\":\"{\\\"method\\\":\\\"eth_call\\\",\\\"params\\\":[{\\\"from\\\":\\\"0x1e0012cc373fa1328c9b5fa271b65acecf020c70\\\",\\\"to\\\":\\\"0x1a2882b2378f65e68a218ba555c5d60b7953d896\\\",\\\"data\\\":\\\"0xcc3d967b000000000000000000000000772170339f0230b033a5ef682f0950842fa14aa3\\\"},\\\"latest\\\"],\\\"id\\\":44,\\\"jsonrpc\\\":\\\"2.0\\\"}\",\"requestMethod\":\"POST\",\"url\":\"http://127.0.0.1:8545\"}, code=CALL_EXCEPTION, version=providers/5.7.2)"}
{"timestamp":"2025-06-30 07:30:33","type":"nonce_issued","address":"0x1e0012cc373fa1328c9b5fa271b65acecf020c70","status":"pending","ip":"::1"}
{"timestamp":"2025-06-30 07:30:37","type":"login","address":"0x1e0012cc373fa1328c9b5fa271b65acecf020c70","status":"success","ip":"::1","tokenExpiresIn":"1h","verificationTimeMs":0,"tokenGenerationTimeMs":15.1947}
{"timestamp":"2025-06-30 10:17:18","type":"nonce_issued","address":"0x1e0012cc373fa1328c9b5fa271b65acecf020c70","status":"pending","ip":"::1"}
{"timestamp":"2025-06-30 10:17:32","type":"login","address":"0x772170339f0230b033a5ef682f0950842fa14aa3","status":"failure","ip":"::1","reason":"unregistered_user","error":"missing revert data in call exception; Transaction reverted without a reason string [ See: https://links.ethers.org/v5-errors-CALL_EXCEPTION ] (data=\"0x\", transaction={\"from\":\"0x1e0012cc373FA1328C9b5fA271B65AcECF020c70\",\"to\":\"0x1a2882B2378F65e68A218BA555c5D60b7953d896\",\"data\":\"0xcc3d967b000000000000000000000000772170339f0230b033a5ef682f0950842fa14aa3\",\"accessList\":null}, error={\"reason\":\"processing response error\",\"code\":\"SERVER_ERROR\",\"body\":\"{\\\"id\\\":74,\\\"jsonrpc\\\":\\\"2.0\\\",\\\"error\\\":{\\\"message\\\":\\\"VM Exception while processing transaction: revert User not registered\\\",\\\"stack\\\":\\\"CallError: VM Exception while processing transaction: revert User not registered\\\\n    at Blockchain.simulateTransaction (C:\\\\\\\\Program Files\\\\\\\\WindowsApps\\\\\\\\GanacheUI_2.7.1.0_x64__rb4352f0jd4m2\\\\\\\\app\\\\\\\\resources\\\\\\\\static\\\\\\\\node\\\\\\\\node_modules\\\\\\\\ganache\\\\\\\\dist\\\\\\\\node\\\\\\\\1.js:2:72658)\\\",\\\"code\\\":-32000,\\\"name\\\":\\\"CallError\\\",\\\"data\\\":\\\"0x08c379a00000000000000000000000000000000000000000000000000000000000000020000000000000000000000000000000000000000000000000000000000000001355736572206e6f74207265676973746572656400000000000000000000000000\\\"}}\",\"error\":{\"code\":-32000,\"data\":\"0x08c379a00000000000000000000000000000000000000000000000000000000000000020000000000000000000000000000000000000000000000000000000000000001355736572206e6f74207265676973746572656400000000000000000000000000\"},\"requestBody\":\"{\\\"method\\\":\\\"eth_call\\\",\\\"params\\\":[{\\\"from\\\":\\\"0x1e0012cc373fa1328c9b5fa271b65acecf020c70\\\",\\\"to\\\":\\\"0x1a2882b2378f65e68a218ba555c5d60b7953d896\\\",\\\"data\\\":\\\"0xcc3d967b000000000000000000000000772170339f0230b033a5ef682f0950842fa14aa3\\\"},\\\"latest\\\"],\\\"id\\\":74,\\\"jsonrpc\\\":\\\"2.0\\\"}\",\"requestMethod\":\"POST\",\"url\":\"http://127.0.0.1:8545\"}, code=CALL_EXCEPTION, version=providers/5.7.2)"}
{"timestamp":"2025-06-30 10:46:34","type":"nonce_issued","address":"0xa3e7a2b9649ccf6eeea26a2b8fcfdfcfd8ed0125","status":"pending","ip":"::1"}
{"timestamp":"2025-06-30 10:46:44","type":"login","address":"0xa3e7a2b9649ccf6eeea26a2b8fcfdfcfd8ed0125","status":"success","ip":"::1","tokenExpiresIn":"1h","verificationTimeMs":0,"tokenGenerationTimeMs":20.8118}
{"timestamp":"2025-06-30 10:47:36","type":"certificate_created","address":"0xa3e7a2b9649ccf6eeea26a2b8fcfdfcfd8ed0125","status":"success","ip":"::1","targetUser":"0xa3e7a2b9649ccf6eeea26a2b8fcfdfcfd8ed0125","serialNumber":"CERT-1751260610385"}
{"timestamp":"2025-06-30 13:02:55","type":"nonce_issued","address":"0xa3e7a2b9649ccf6eeea26a2b8fcfdfcfd8ed0125","status":"pending","ip":"::1"}
{"timestamp":"2025-06-30 13:03:00","type":"login","address":"0xa3e7a2b9649ccf6eeea26a2b8fcfdfcfd8ed0125","status":"success","ip":"::1","tokenExpiresIn":"1h","verificationTimeMs":0,"tokenGenerationTimeMs":11.0556}
{"timestamp":"2025-06-30 14:21:45","type":"nonce_issued","address":"0xa3e7a2b9649ccf6eeea26a2b8fcfdfcfd8ed0125","status":"pending","ip":"::1"}
{"timestamp":"2025-06-30 14:21:49","type":"login","address":"0xa3e7a2b9649ccf6eeea26a2b8fcfdfcfd8ed0125","status":"success","ip":"::1","tokenExpiresIn":"1h","verificationTimeMs":0,"tokenGenerationTimeMs":8.3432}
