[2025/06/18 21:33:16.058] - Starting server with initial configuration: {"gasLimit":6721975,"gasPrice":20000000000,"hardfork":"merge","hostname":"127.0.0.1","port":8545,"network_id":1337,"default_balance_ether":10,"total_accounts":10,"unlocked_accounts":[],"locked":false,"vmErrorsOnRPCResponse":true,"verbose":false,"flavor":"ethereum","db_path":"C:\\Users\\Praveent\\AppData\\Roaming\\Ganache\\ui\\workspaces\\real-thing\\chaindata","logDirectory":"D:\\Praveen\\Personal\\projects\\trustkey\\ganache-logs"}
[2025/06/18 21:33:16.329] - eth_subscribe
[2025/06/18 21:33:16.332] - eth_getLogs
[2025/06/18 21:33:16.335] - eth_subscribe
[2025/06/18 21:33:16.349] - eth_subscribe
[2025/06/18 21:33:16.351] - eth_getLogs
[2025/06/18 21:33:16.353] - eth_subscribe
[2025/06/18 21:33:16.367] - eth_blockNumber
[2025/06/18 21:33:16.369] - eth_accounts
[2025/06/18 21:33:16.370] - eth_gasPrice
[2025/06/18 21:33:16.372] - eth_getBlockByNumber
[2025/06/18 21:33:16.374] - eth_subscribe
[2025/06/18 21:33:16.380] - eth_accounts
[2025/06/18 21:33:16.383] - eth_blockNumber
[2025/06/18 21:33:16.385] - eth_accounts
[2025/06/18 21:33:16.387] - eth_gasPrice
[2025/06/18 21:33:16.389] - eth_getBlockByNumber
[2025/06/18 21:33:16.403] - eth_getBalance
[2025/06/18 21:33:16.409] - eth_getTransactionCount
[2025/06/18 21:33:16.416] - eth_getBalance
[2025/06/18 21:33:16.418] - eth_getTransactionCount
[2025/06/18 21:33:16.422] - eth_getBalance
[2025/06/18 21:33:16.425] - eth_getTransactionCount
[2025/06/18 21:33:16.427] - eth_getBalance
[2025/06/18 21:33:16.429] - eth_getTransactionCount
[2025/06/18 21:33:16.432] - eth_getBalance
[2025/06/18 21:33:16.435] - eth_getTransactionCount
[2025/06/18 21:33:16.438] - eth_getBalance
[2025/06/18 21:33:16.442] - eth_getTransactionCount
[2025/06/18 21:33:16.444] - eth_getBalance
[2025/06/18 21:33:16.448] - eth_getTransactionCount
[2025/06/18 21:33:16.449] - eth_getBalance
[2025/06/18 21:33:16.452] - eth_getTransactionCount
[2025/06/18 21:33:16.454] - eth_getBalance
[2025/06/18 21:33:16.456] - eth_getTransactionCount
[2025/06/18 21:33:16.459] - eth_getBalance
[2025/06/18 21:33:16.463] - eth_getTransactionCount
[2025/06/18 21:33:16.465] - eth_subscribe
[2025/06/18 21:33:16.497] - eth_getBalance
[2025/06/18 21:33:16.499] - eth_getTransactionCount
[2025/06/18 21:33:16.501] - eth_getBalance
[2025/06/18 21:33:16.502] - eth_getTransactionCount
[2025/06/18 21:33:16.505] - eth_getBalance
[2025/06/18 21:33:16.507] - eth_getTransactionCount
[2025/06/18 21:33:16.509] - eth_getBalance
[2025/06/18 21:33:16.512] - eth_getTransactionCount
[2025/06/18 21:33:16.516] - eth_getBalance
[2025/06/18 21:33:16.518] - eth_getTransactionCount
[2025/06/18 21:33:16.520] - eth_getBalance
[2025/06/18 21:33:16.523] - eth_getTransactionCount
[2025/06/18 21:33:16.526] - eth_getBalance
[2025/06/18 21:33:16.528] - eth_getTransactionCount
[2025/06/18 21:33:16.531] - eth_getBalance
[2025/06/18 21:33:16.533] - eth_getTransactionCount
[2025/06/18 21:33:16.535] - eth_getBalance
[2025/06/18 21:33:16.537] - eth_getTransactionCount
[2025/06/18 21:33:16.541] - eth_getBalance
[2025/06/18 21:33:16.543] - eth_getTransactionCount
[2025/06/18 21:33:16.546] - eth_getBalance
[2025/06/18 21:33:16.548] - eth_getTransactionCount
[2025/06/18 21:33:16.551] - eth_getBalance
[2025/06/18 21:33:16.553] - eth_getTransactionCount
[2025/06/18 21:33:16.555] - eth_getBalance
[2025/06/18 21:33:16.558] - eth_getTransactionCount
[2025/06/18 21:33:16.560] - eth_getBalance
[2025/06/18 21:33:16.563] - eth_getTransactionCount
[2025/06/18 21:33:16.565] - eth_getBalance
[2025/06/18 21:33:16.567] - eth_getTransactionCount
[2025/06/18 21:33:16.569] - eth_getBalance
[2025/06/18 21:33:16.571] - eth_getTransactionCount
[2025/06/18 21:33:16.574] - eth_getBalance
[2025/06/18 21:33:16.576] - eth_getTransactionCount
[2025/06/18 21:33:16.578] - eth_getBalance
[2025/06/18 21:33:16.580] - eth_getTransactionCount
[2025/06/18 21:33:16.582] - eth_getBalance
[2025/06/18 21:33:16.584] - eth_getTransactionCount
[2025/06/18 21:33:16.586] - eth_getBalance
[2025/06/18 21:33:16.588] - eth_getTransactionCount
[2025/06/18 21:33:16.598] - eth_getBalance
[2025/06/18 21:33:16.600] - eth_getTransactionCount
[2025/06/18 21:33:16.604] - eth_getBalance
[2025/06/18 21:33:16.607] - eth_getTransactionCount
[2025/06/18 21:33:16.610] - eth_getBalance
[2025/06/18 21:33:16.616] - eth_getTransactionCount
[2025/06/18 21:33:16.620] - eth_getBalance
[2025/06/18 21:33:16.623] - eth_getTransactionCount
[2025/06/18 21:33:16.627] - eth_getBalance
[2025/06/18 21:33:16.631] - eth_getTransactionCount
[2025/06/18 21:33:16.635] - eth_getBalance
[2025/06/18 21:33:16.638] - eth_getTransactionCount
[2025/06/18 21:33:16.641] - eth_getBalance
[2025/06/18 21:33:16.647] - eth_getTransactionCount
[2025/06/18 21:33:16.652] - eth_getBalance
[2025/06/18 21:33:16.658] - eth_getTransactionCount
[2025/06/18 21:33:16.661] - eth_getBalance
[2025/06/18 21:33:16.665] - eth_getTransactionCount
[2025/06/18 21:33:16.667] - eth_getBalance
[2025/06/18 21:33:16.671] - eth_getTransactionCount
[2025/06/18 21:33:19.228] - eth_blockNumber
[2025/06/18 21:34:00.520] - eth_blockNumber
[2025/06/18 21:34:00.575] - eth_call
[2025/06/18 21:34:42.458] - eth_unsubscribe
[2025/06/18 21:34:42.464] - eth_unsubscribe
