[2025/06/18 21:36:50.562] - Starting server with initial configuration: {"gasLimit":6721975,"gasPrice":20000000000,"hardfork":"merge","hostname":"127.0.0.1","port":8545,"network_id":1337,"default_balance_ether":10,"total_accounts":10,"unlocked_accounts":[],"locked":false,"vmErrorsOnRPCResponse":true,"verbose":false,"flavor":"ethereum","db_path":"C:\\Users\\Praveent\\AppData\\Roaming\\Ganache\\ui\\workspaces\\TrustkeyV2\\chaindata","logDirectory":"D:\\Praveen\\Personal\\projects\\trustkey\\ganache-logs"}
[2025/06/18 21:36:50.823] - eth_blockNumber
[2025/06/18 21:36:50.829] - eth_accounts
[2025/06/18 21:36:50.831] - eth_gasPrice
[2025/06/18 21:36:50.834] - eth_getBlockByNumber
[2025/06/18 21:36:50.836] - eth_subscribe
[2025/06/18 21:36:50.844] - eth_blockNumber
[2025/06/18 21:36:50.846] - eth_accounts
[2025/06/18 21:36:50.849] - eth_gasPrice
[2025/06/18 21:36:50.851] - eth_getBlockByNumber
[2025/06/18 21:36:50.854] - eth_subscribe
[2025/06/18 21:36:50.857] - eth_accounts
[2025/06/18 21:36:50.862] - eth_getBalance
[2025/06/18 21:36:50.866] - eth_getTransactionCount
[2025/06/18 21:36:50.868] - eth_getBalance
[2025/06/18 21:36:50.871] - eth_getTransactionCount
[2025/06/18 21:36:50.874] - eth_getBalance
[2025/06/18 21:36:50.879] - eth_getTransactionCount
[2025/06/18 21:36:50.882] - eth_getBalance
[2025/06/18 21:36:50.884] - eth_getTransactionCount
[2025/06/18 21:36:50.889] - eth_getBalance
[2025/06/18 21:36:50.893] - eth_getTransactionCount
[2025/06/18 21:36:50.895] - eth_getBalance
[2025/06/18 21:36:50.899] - eth_getTransactionCount
[2025/06/18 21:36:50.902] - eth_getBalance
[2025/06/18 21:36:50.905] - eth_getTransactionCount
[2025/06/18 21:36:50.909] - eth_getBalance
[2025/06/18 21:36:50.913] - eth_getTransactionCount
[2025/06/18 21:36:50.915] - eth_getBalance
[2025/06/18 21:36:50.919] - eth_getTransactionCount
[2025/06/18 21:36:50.922] - eth_getBalance
[2025/06/18 21:36:50.925] - eth_getTransactionCount
[2025/06/18 21:36:50.979] - eth_getBalance
[2025/06/18 21:36:50.982] - eth_getTransactionCount
[2025/06/18 21:36:50.989] - eth_getBalance
[2025/06/18 21:36:50.993] - eth_getTransactionCount
[2025/06/18 21:36:50.995] - eth_getBalance
[2025/06/18 21:36:50.998] - eth_getTransactionCount
[2025/06/18 21:36:51.000] - eth_getBalance
[2025/06/18 21:36:51.003] - eth_getTransactionCount
[2025/06/18 21:36:51.006] - eth_getBalance
[2025/06/18 21:36:51.012] - eth_getTransactionCount
[2025/06/18 21:36:51.015] - eth_getBalance
[2025/06/18 21:36:51.018] - eth_getTransactionCount
[2025/06/18 21:36:51.021] - eth_getBalance
[2025/06/18 21:36:51.025] - eth_getTransactionCount
[2025/06/18 21:36:51.028] - eth_getBalance
[2025/06/18 21:36:51.034] - eth_getTransactionCount
[2025/06/18 21:36:51.037] - eth_getBalance
[2025/06/18 21:36:51.043] - eth_getTransactionCount
[2025/06/18 21:36:51.046] - eth_getBalance
[2025/06/18 21:36:51.049] - eth_getTransactionCount
[2025/06/18 21:36:51.052] - eth_getBalance
[2025/06/18 21:36:51.055] - eth_getTransactionCount
[2025/06/18 21:36:51.060] - eth_getBalance
[2025/06/18 21:36:51.063] - eth_getTransactionCount
[2025/06/18 21:36:51.066] - eth_getBalance
[2025/06/18 21:36:51.070] - eth_getTransactionCount
[2025/06/18 21:36:51.073] - eth_getBalance
[2025/06/18 21:36:51.076] - eth_getTransactionCount
[2025/06/18 21:36:51.079] - eth_getBalance
[2025/06/18 21:36:51.083] - eth_getTransactionCount
[2025/06/18 21:36:51.086] - eth_getBalance
[2025/06/18 21:36:51.088] - eth_getTransactionCount
[2025/06/18 21:36:51.093] - eth_getBalance
[2025/06/18 21:36:51.096] - eth_getTransactionCount
[2025/06/18 21:36:51.100] - eth_getBalance
[2025/06/18 21:36:51.103] - eth_getTransactionCount
[2025/06/18 21:36:51.107] - eth_getBalance
[2025/06/18 21:36:51.110] - eth_getTransactionCount
[2025/06/18 21:36:51.114] - eth_getBalance
[2025/06/18 21:36:51.116] - eth_getTransactionCount
[2025/06/18 21:36:51.135] - eth_getBalance
[2025/06/18 21:36:51.138] - eth_getTransactionCount
[2025/06/18 21:36:51.142] - eth_getBalance
[2025/06/18 21:36:51.145] - eth_getTransactionCount
[2025/06/18 21:36:51.148] - eth_getBalance
[2025/06/18 21:36:51.152] - eth_getTransactionCount
[2025/06/18 21:36:51.155] - eth_getBalance
[2025/06/18 21:36:51.161] - eth_getTransactionCount
[2025/06/18 21:36:51.166] - eth_getBalance
[2025/06/18 21:36:51.171] - eth_getTransactionCount
[2025/06/18 21:36:51.180] - eth_getBalance
[2025/06/18 21:36:51.185] - eth_getTransactionCount
[2025/06/18 21:36:51.237] - eth_getBalance
[2025/06/18 21:36:51.245] - eth_getTransactionCount
[2025/06/18 21:36:51.254] - eth_getBalance
[2025/06/18 21:36:51.260] - eth_getTransactionCount
[2025/06/18 21:36:51.268] - eth_getBalance
[2025/06/18 21:36:51.276] - eth_getTransactionCount
[2025/06/18 21:36:51.347] - eth_getBalance
[2025/06/18 21:36:51.355] - eth_getTransactionCount
[2025/06/18 21:36:53.109] - eth_subscribe
[2025/06/18 21:36:53.112] - eth_getLogs
[2025/06/18 21:36:53.114] - eth_subscribe
[2025/06/18 21:36:53.116] - eth_subscribe
[2025/06/18 21:36:53.117] - eth_getLogs
[2025/06/18 21:36:53.119] - eth_subscribe
[2025/06/18 21:38:07.152] - eth_unsubscribe
[2025/06/18 21:38:07.157] - eth_unsubscribe
