[2025/06/18 21:38:16.493] - Starting server with initial configuration: {"gasLimit":6721975,"gasPrice":20000000000,"hardfork":"merge","hostname":"127.0.0.1","port":8545,"network_id":1337,"default_balance_ether":10,"total_accounts":10,"unlocked_accounts":[],"locked":false,"vmErrorsOnRPCResponse":true,"verbose":false,"flavor":"ethereum","db_path":"C:\\Users\\Praveent\\AppData\\Roaming\\Ganache\\ui\\workspaces\\TrustkeyV2\\chaindata","logDirectory":"D:\\Praveen\\Personal\\projects\\trustkey\\ganache-logs"}
[2025/06/18 21:38:16.767] - eth_blockNumber
[2025/06/18 21:38:16.772] - eth_accounts
[2025/06/18 21:38:16.775] - eth_gasPrice
[2025/06/18 21:38:16.777] - eth_getBlockByNumber
[2025/06/18 21:38:16.779] - eth_subscribe
[2025/06/18 21:38:16.787] - eth_blockNumber
[2025/06/18 21:38:16.791] - eth_accounts
[2025/06/18 21:38:16.794] - eth_gasPrice
[2025/06/18 21:38:16.795] - eth_getBlockByNumber
[2025/06/18 21:38:16.798] - eth_subscribe
[2025/06/18 21:38:16.801] - eth_accounts
[2025/06/18 21:38:16.806] - eth_getBalance
[2025/06/18 21:38:16.808] - eth_getTransactionCount
[2025/06/18 21:38:16.810] - eth_getBalance
[2025/06/18 21:38:16.812] - eth_getTransactionCount
[2025/06/18 21:38:16.815] - eth_getBalance
[2025/06/18 21:38:16.820] - eth_getTransactionCount
[2025/06/18 21:38:16.822] - eth_getBalance
[2025/06/18 21:38:16.827] - eth_getTransactionCount
[2025/06/18 21:38:16.829] - eth_getBalance
[2025/06/18 21:38:16.832] - eth_getTransactionCount
[2025/06/18 21:38:16.838] - eth_getBalance
[2025/06/18 21:38:16.840] - eth_getTransactionCount
[2025/06/18 21:38:16.843] - eth_getBalance
[2025/06/18 21:38:16.845] - eth_getTransactionCount
[2025/06/18 21:38:16.851] - eth_getBalance
[2025/06/18 21:38:16.853] - eth_getTransactionCount
[2025/06/18 21:38:16.855] - eth_getBalance
[2025/06/18 21:38:16.856] - eth_getTransactionCount
[2025/06/18 21:38:16.861] - eth_getBalance
[2025/06/18 21:38:16.863] - eth_getTransactionCount
[2025/06/18 21:38:16.909] - eth_getBalance
[2025/06/18 21:38:16.912] - eth_getTransactionCount
[2025/06/18 21:38:16.916] - eth_getBalance
[2025/06/18 21:38:16.919] - eth_getTransactionCount
[2025/06/18 21:38:16.923] - eth_getBalance
[2025/06/18 21:38:16.928] - eth_getTransactionCount
[2025/06/18 21:38:16.931] - eth_getBalance
[2025/06/18 21:38:16.935] - eth_getTransactionCount
[2025/06/18 21:38:16.938] - eth_getBalance
[2025/06/18 21:38:16.940] - eth_getTransactionCount
[2025/06/18 21:38:16.943] - eth_getBalance
[2025/06/18 21:38:16.946] - eth_getTransactionCount
[2025/06/18 21:38:16.949] - eth_getBalance
[2025/06/18 21:38:16.953] - eth_getTransactionCount
[2025/06/18 21:38:16.956] - eth_getBalance
[2025/06/18 21:38:16.958] - eth_getTransactionCount
[2025/06/18 21:38:16.960] - eth_getBalance
[2025/06/18 21:38:16.964] - eth_getTransactionCount
[2025/06/18 21:38:16.968] - eth_getBalance
[2025/06/18 21:38:16.969] - eth_getTransactionCount
[2025/06/18 21:38:16.972] - eth_getBalance
[2025/06/18 21:38:16.975] - eth_getTransactionCount
[2025/06/18 21:38:16.978] - eth_getBalance
[2025/06/18 21:38:16.983] - eth_getTransactionCount
[2025/06/18 21:38:17.000] - eth_getBalance
[2025/06/18 21:38:17.002] - eth_getTransactionCount
[2025/06/18 21:38:17.005] - eth_getBalance
[2025/06/18 21:38:17.007] - eth_getTransactionCount
[2025/06/18 21:38:17.008] - eth_getBalance
[2025/06/18 21:38:17.010] - eth_getTransactionCount
[2025/06/18 21:38:17.014] - eth_getBalance
[2025/06/18 21:38:17.016] - eth_getTransactionCount
[2025/06/18 21:38:17.019] - eth_getBalance
[2025/06/18 21:38:17.021] - eth_getTransactionCount
[2025/06/18 21:38:17.023] - eth_getBalance
[2025/06/18 21:38:17.025] - eth_getTransactionCount
[2025/06/18 21:38:17.030] - eth_getBalance
[2025/06/18 21:38:17.034] - eth_getTransactionCount
[2025/06/18 21:38:17.036] - eth_getBalance
[2025/06/18 21:38:17.038] - eth_getTransactionCount
[2025/06/18 21:38:17.048] - eth_getBalance
[2025/06/18 21:38:17.051] - eth_getTransactionCount
[2025/06/18 21:38:17.054] - eth_getBalance
[2025/06/18 21:38:17.057] - eth_getTransactionCount
[2025/06/18 21:38:17.059] - eth_getBalance
[2025/06/18 21:38:17.061] - eth_getTransactionCount
[2025/06/18 21:38:17.065] - eth_getBalance
[2025/06/18 21:38:17.069] - eth_getTransactionCount
[2025/06/18 21:38:17.074] - eth_getBalance
[2025/06/18 21:38:17.076] - eth_getTransactionCount
[2025/06/18 21:38:17.081] - eth_getBalance
[2025/06/18 21:38:17.084] - eth_getTransactionCount
[2025/06/18 21:38:17.088] - eth_getBalance
[2025/06/18 21:38:17.091] - eth_getTransactionCount
[2025/06/18 21:38:17.098] - eth_getBalance
[2025/06/18 21:38:17.105] - eth_getTransactionCount
[2025/06/18 21:38:17.109] - eth_getBalance
[2025/06/18 21:38:17.111] - eth_getTransactionCount
[2025/06/18 21:38:17.122] - eth_getBalance
[2025/06/18 21:38:17.124] - eth_getTransactionCount
[2025/06/18 21:38:18.843] - eth_subscribe
[2025/06/18 21:38:18.845] - eth_getLogs
[2025/06/18 21:38:18.848] - eth_subscribe
[2025/06/18 21:38:18.849] - eth_subscribe
[2025/06/18 21:38:18.851] - eth_getLogs
[2025/06/18 21:38:18.852] - eth_subscribe
[2025/06/18 21:51:23.140] - eth_unsubscribe
[2025/06/18 21:51:23.145] - eth_unsubscribe
