[2025/06/18 21:35:21.798] - Starting server with initial configuration: {"gasLimit":6721975,"gasPrice":20000000000,"hardfork":"merge","hostname":"127.0.0.1","port":8545,"network_id":1337,"default_balance_ether":10,"total_accounts":10,"unlocked_accounts":[],"locked":false,"vmErrorsOnRPCResponse":true,"verbose":false,"flavor":"ethereum","db_path":"C:\\Users\\Praveent\\AppData\\Roaming\\Ganache\\ui\\workspaces\\TrustkeyV2\\chaindata","logDirectory":"D:\\Praveen\\Personal\\projects\\trustkey\\ganache-logs"}
[2025/06/18 21:35:22.108] - eth_blockNumber
[2025/06/18 21:35:22.112] - eth_accounts
[2025/06/18 21:35:22.414] - eth_gasPrice
[2025/06/18 21:35:22.416] - eth_getBlockByNumber
[2025/06/18 21:35:22.422] - eth_subscribe
[2025/06/18 21:35:22.430] - eth_blockNumber
[2025/06/18 21:35:22.433] - eth_accounts
[2025/06/18 21:35:22.438] - eth_gasPrice
[2025/06/18 21:35:22.440] - eth_accounts
[2025/06/18 21:35:22.443] - eth_getBlockByNumber
[2025/06/18 21:35:22.445] - eth_subscribe
[2025/06/18 21:35:22.450] - eth_getBalance
[2025/06/18 21:35:22.456] - eth_getTransactionCount
[2025/06/18 21:35:22.461] - eth_getBalance
[2025/06/18 21:35:22.463] - eth_getTransactionCount
[2025/06/18 21:35:22.467] - eth_getBalance
[2025/06/18 21:35:22.470] - eth_getTransactionCount
[2025/06/18 21:35:22.475] - eth_getBalance
[2025/06/18 21:35:22.479] - eth_getTransactionCount
[2025/06/18 21:35:22.483] - eth_getBalance
[2025/06/18 21:35:22.490] - eth_getTransactionCount
[2025/06/18 21:35:22.494] - eth_getBalance
[2025/06/18 21:35:22.499] - eth_getTransactionCount
[2025/06/18 21:35:22.505] - eth_getBalance
[2025/06/18 21:35:22.513] - eth_getTransactionCount
[2025/06/18 21:35:22.524] - eth_getBalance
[2025/06/18 21:35:22.527] - eth_getTransactionCount
[2025/06/18 21:35:22.530] - eth_getBalance
[2025/06/18 21:35:22.533] - eth_getTransactionCount
[2025/06/18 21:35:22.542] - eth_getBalance
[2025/06/18 21:35:22.546] - eth_getTransactionCount
[2025/06/18 21:35:22.673] - eth_getBalance
[2025/06/18 21:35:22.677] - eth_getTransactionCount
[2025/06/18 21:35:22.681] - eth_getBalance
[2025/06/18 21:35:22.686] - eth_getTransactionCount
[2025/06/18 21:35:22.692] - eth_getBalance
[2025/06/18 21:35:22.696] - eth_getTransactionCount
[2025/06/18 21:35:22.709] - eth_getBalance
[2025/06/18 21:35:22.716] - eth_getTransactionCount
[2025/06/18 21:35:22.726] - eth_getBalance
[2025/06/18 21:35:22.732] - eth_getTransactionCount
[2025/06/18 21:35:22.739] - eth_getBalance
[2025/06/18 21:35:22.749] - eth_getTransactionCount
[2025/06/18 21:35:22.761] - eth_getBalance
[2025/06/18 21:35:22.765] - eth_getTransactionCount
[2025/06/18 21:35:22.772] - eth_getBalance
[2025/06/18 21:35:22.777] - eth_getTransactionCount
[2025/06/18 21:35:22.783] - eth_getBalance
[2025/06/18 21:35:22.789] - eth_getTransactionCount
[2025/06/18 21:35:22.796] - eth_getBalance
[2025/06/18 21:35:22.800] - eth_getTransactionCount
[2025/06/18 21:35:22.806] - eth_getBalance
[2025/06/18 21:35:22.818] - eth_getTransactionCount
[2025/06/18 21:35:22.829] - eth_getBalance
[2025/06/18 21:35:22.836] - eth_getTransactionCount
[2025/06/18 21:35:22.842] - eth_getBalance
[2025/06/18 21:35:22.847] - eth_getTransactionCount
[2025/06/18 21:35:22.852] - eth_getBalance
[2025/06/18 21:35:22.856] - eth_getTransactionCount
[2025/06/18 21:35:22.861] - eth_getBalance
[2025/06/18 21:35:22.866] - eth_getTransactionCount
[2025/06/18 21:35:22.874] - eth_getBalance
[2025/06/18 21:35:22.879] - eth_getTransactionCount
[2025/06/18 21:35:22.884] - eth_getBalance
[2025/06/18 21:35:22.889] - eth_getTransactionCount
[2025/06/18 21:35:22.894] - eth_getBalance
[2025/06/18 21:35:22.898] - eth_getTransactionCount
[2025/06/18 21:35:22.906] - eth_getBalance
[2025/06/18 21:35:22.911] - eth_getTransactionCount
[2025/06/18 21:35:22.914] - eth_getBalance
[2025/06/18 21:35:22.922] - eth_getTransactionCount
[2025/06/18 21:35:22.960] - eth_getBalance
[2025/06/18 21:35:22.967] - eth_getTransactionCount
[2025/06/18 21:35:22.971] - eth_getBalance
[2025/06/18 21:35:22.975] - eth_getTransactionCount
[2025/06/18 21:35:22.980] - eth_getBalance
[2025/06/18 21:35:22.982] - eth_getTransactionCount
[2025/06/18 21:35:22.986] - eth_getBalance
[2025/06/18 21:35:22.989] - eth_getTransactionCount
[2025/06/18 21:35:22.994] - eth_getBalance
[2025/06/18 21:35:22.997] - eth_getTransactionCount
[2025/06/18 21:35:23.001] - eth_getBalance
[2025/06/18 21:35:23.006] - eth_getTransactionCount
[2025/06/18 21:35:23.008] - eth_getBalance
[2025/06/18 21:35:23.013] - eth_getTransactionCount
[2025/06/18 21:35:23.016] - eth_getBalance
[2025/06/18 21:35:23.022] - eth_getTransactionCount
[2025/06/18 21:35:23.024] - eth_getBalance
[2025/06/18 21:35:23.027] - eth_getTransactionCount
[2025/06/18 21:35:23.031] - eth_getBalance
[2025/06/18 21:35:23.034] - eth_getTransactionCount
[2025/06/18 21:35:24.303] - eth_subscribe
[2025/06/18 21:35:24.305] - eth_getLogs
[2025/06/18 21:35:24.307] - eth_subscribe
[2025/06/18 21:35:24.309] - eth_subscribe
[2025/06/18 21:35:24.311] - eth_getLogs
[2025/06/18 21:35:24.313] - eth_subscribe
[2025/06/18 21:36:33.256] - eth_unsubscribe
[2025/06/18 21:36:33.264] - eth_unsubscribe
