[2025/06/24 14:49:25.118] - Starting server with initial configuration: {"gasLimit":6721975,"gasPrice":20000000000,"hardfork":"merge","hostname":"127.0.0.1","port":8545,"network_id":1337,"default_balance_ether":100,"total_accounts":10,"unlocked_accounts":[],"locked":false,"vmErrorsOnRPCResponse":true,"verbose":false,"flavor":"ethereum","db_path":"C:\\Users\\Praveent\\AppData\\Roaming\\Ganache\\ui\\workspaces\\TrustkeyV2.1\\chaindata","mnemonic":"copper famous armed mango ancient gospel boy ship miracle cliff turtle couple","logDirectory":"D:\\Praveen\\Personal\\projects\\trustkey\\ganache-logs"}
[2025/06/24 14:49:25.438] - eth_blockNumber
[2025/06/24 14:49:25.456] - eth_getBlockByNumber
[2025/06/24 14:49:25.571] - eth_blockNumber
[2025/06/24 14:49:25.575] - eth_accounts
[2025/06/24 14:49:25.581] - eth_gasPrice
[2025/06/24 14:49:25.586] - eth_getBlockByNumber
[2025/06/24 14:49:25.588] - eth_subscribe
[2025/06/24 14:49:25.593] - eth_blockNumber
[2025/06/24 14:49:25.597] - eth_accounts
[2025/06/24 14:49:25.602] - eth_gasPrice
[2025/06/24 14:49:25.607] - eth_getBlockByNumber
[2025/06/24 14:49:25.610] - eth_subscribe
[2025/06/24 14:49:25.621] - eth_accounts
[2025/06/24 14:49:25.673] - eth_getBalance
[2025/06/24 14:49:25.679] - eth_getTransactionCount
[2025/06/24 14:49:25.693] - eth_getBalance
[2025/06/24 14:49:25.724] - eth_getTransactionCount
[2025/06/24 14:49:25.743] - eth_getBalance
[2025/06/24 14:49:25.759] - eth_getTransactionCount
[2025/06/24 14:49:25.769] - eth_getBalance
[2025/06/24 14:49:25.782] - eth_getTransactionCount
[2025/06/24 14:49:25.799] - eth_getBalance
[2025/06/24 14:49:25.835] - eth_getTransactionCount
[2025/06/24 14:49:25.840] - eth_getBalance
[2025/06/24 14:49:25.850] - eth_getTransactionCount
[2025/06/24 14:49:25.860] - eth_getBalance
[2025/06/24 14:49:25.867] - eth_getTransactionCount
[2025/06/24 14:49:25.878] - eth_getBalance
[2025/06/24 14:49:25.893] - eth_getTransactionCount
[2025/06/24 14:49:25.899] - eth_getBalance
[2025/06/24 14:49:25.906] - eth_getTransactionCount
[2025/06/24 14:49:25.918] - eth_getBalance
[2025/06/24 14:49:25.932] - eth_getTransactionCount
[2025/06/24 14:49:26.060] - eth_getBalance
[2025/06/24 14:49:26.064] - eth_getTransactionCount
[2025/06/24 14:49:26.068] - eth_getBalance
[2025/06/24 14:49:26.077] - eth_getTransactionCount
[2025/06/24 14:49:26.080] - eth_getBalance
[2025/06/24 14:49:26.083] - eth_getTransactionCount
[2025/06/24 14:49:26.087] - eth_getBalance
[2025/06/24 14:49:26.091] - eth_getTransactionCount
[2025/06/24 14:49:26.094] - eth_getBalance
[2025/06/24 14:49:26.099] - eth_getTransactionCount
[2025/06/24 14:49:26.103] - eth_getBalance
[2025/06/24 14:49:26.106] - eth_getTransactionCount
[2025/06/24 14:49:26.110] - eth_getBalance
[2025/06/24 14:49:26.113] - eth_getTransactionCount
[2025/06/24 14:49:26.117] - eth_getBalance
[2025/06/24 14:49:26.121] - eth_getTransactionCount
[2025/06/24 14:49:26.124] - eth_getBalance
[2025/06/24 14:49:26.127] - eth_getTransactionCount
[2025/06/24 14:49:26.130] - eth_getBalance
[2025/06/24 14:49:26.134] - eth_getTransactionCount
[2025/06/24 14:49:26.137] - eth_getBalance
[2025/06/24 14:49:26.142] - eth_getTransactionCount
[2025/06/24 14:49:26.149] - eth_getBalance
[2025/06/24 14:49:26.154] - eth_getTransactionCount
[2025/06/24 14:49:26.157] - eth_getBalance
[2025/06/24 14:49:26.160] - eth_getTransactionCount
[2025/06/24 14:49:26.164] - eth_getBalance
[2025/06/24 14:49:26.168] - eth_getTransactionCount
[2025/06/24 14:49:26.172] - eth_getBalance
[2025/06/24 14:49:26.176] - eth_getTransactionCount
[2025/06/24 14:49:26.233] - eth_getBalance
[2025/06/24 14:49:26.236] - eth_getTransactionCount
[2025/06/24 14:49:26.238] - eth_getBalance
[2025/06/24 14:49:26.242] - eth_getTransactionCount
[2025/06/24 14:49:26.244] - eth_getBalance
[2025/06/24 14:49:26.247] - eth_getTransactionCount
[2025/06/24 14:49:26.250] - eth_getBalance
[2025/06/24 14:49:26.252] - eth_getTransactionCount
[2025/06/24 14:49:26.255] - eth_getBalance
[2025/06/24 14:49:26.262] - eth_getTransactionCount
[2025/06/24 14:49:26.318] - eth_getBalance
[2025/06/24 14:49:26.326] - eth_getTransactionCount
[2025/06/24 14:49:26.330] - eth_getBalance
[2025/06/24 14:49:26.334] - eth_getTransactionCount
[2025/06/24 14:49:26.337] - eth_getBalance
[2025/06/24 14:49:26.341] - eth_getTransactionCount
[2025/06/24 14:49:26.344] - eth_getBalance
[2025/06/24 14:49:26.348] - eth_getTransactionCount
[2025/06/24 14:49:26.352] - eth_getBalance
[2025/06/24 14:49:26.356] - eth_getTransactionCount
[2025/06/24 14:49:26.359] - eth_getBalance
[2025/06/24 14:49:26.361] - eth_getTransactionCount
[2025/06/24 14:49:26.365] - eth_getBalance
[2025/06/24 14:49:26.368] - eth_getTransactionCount
[2025/06/24 14:49:26.372] - eth_getBalance
[2025/06/24 14:49:26.376] - eth_getTransactionCount
[2025/06/24 14:49:26.380] - eth_getBalance
[2025/06/24 14:49:26.384] - eth_getTransactionCount
[2025/06/24 14:49:26.387] - eth_getBalance
[2025/06/24 14:49:26.389] - eth_getTransactionCount
[2025/06/24 14:49:29.700] - eth_subscribe
[2025/06/24 14:49:29.702] - eth_getLogs
[2025/06/24 14:49:29.704] - eth_subscribe
[2025/06/24 14:49:29.706] - eth_subscribe
[2025/06/24 14:49:29.707] - eth_getLogs
[2025/06/24 14:49:29.709] - eth_subscribe
[2025/06/24 14:51:21.693] - eth_blockNumber
[2025/06/24 14:51:21.753] - eth_chainId
[2025/06/24 14:51:21.780] - eth_blockNumber
[2025/06/24 14:51:21.797] - eth_getBalance
[2025/06/24 14:51:21.804] - eth_getBalance
[2025/06/24 14:51:21.809] - eth_getBalance
[2025/06/24 14:51:21.816] - eth_chainId
[2025/06/24 14:51:21.872] - eth_call
[2025/06/24 14:51:24.808] - eth_blockNumber
[2025/06/24 14:51:24.945] - eth_call
[2025/06/24 14:51:24.985] - eth_blockNumber
[2025/06/24 14:51:24.989] - eth_getCode
[2025/06/24 14:51:25.373] - eth_gasPrice
[2025/06/24 14:51:27.364] - eth_chainId
[2025/06/24 14:51:27.376] - eth_call
[2025/06/24 14:51:27.456] - eth_chainId
[2025/06/24 14:51:27.477] - eth_call
[2025/06/24 16:06:52.876] - eth_chainId
[2025/06/24 16:06:53.011] - eth_call
[2025/06/24 16:06:55.296] - eth_blockNumber
[2025/06/24 16:06:55.356] - eth_call
[2025/06/24 16:06:56.816] - eth_chainId
[2025/06/24 16:06:56.833] - eth_call
[2025/06/24 16:06:56.923] - eth_chainId
[2025/06/24 16:06:56.934] - eth_call
[2025/06/24 16:07:00.771] - eth_chainId
[2025/06/24 16:07:00.785] - eth_call
[2025/06/24 16:07:00.873] - eth_chainId
[2025/06/24 16:07:00.882] - eth_call
[2025/06/24 16:09:16.407] - eth_chainId
[2025/06/24 16:09:16.426] - eth_call
[2025/06/24 16:09:16.548] - eth_chainId
[2025/06/24 16:09:16.565] - eth_call
[2025/06/24 16:26:42.198] - eth_chainId
[2025/06/24 16:26:42.278] - eth_call
[2025/06/24 16:26:42.546] - eth_chainId
[2025/06/24 16:26:42.581] - eth_call
[2025/06/24 16:27:28.436] - eth_chainId
[2025/06/24 16:27:28.455] - eth_call
[2025/06/24 16:27:28.652] - eth_chainId
[2025/06/24 16:27:28.664] - eth_call
[2025/06/24 16:30:31.656] - eth_chainId
[2025/06/24 16:30:31.674] - eth_call
[2025/06/24 16:30:31.784] - eth_chainId
[2025/06/24 16:30:31.794] - eth_call
[2025/06/24 16:34:02.199] - eth_chainId
[2025/06/24 16:34:02.319] - eth_call
[2025/06/24 16:34:02.527] - eth_chainId
[2025/06/24 16:34:02.542] - eth_call
[2025/06/24 16:36:44.277] - eth_chainId
[2025/06/24 16:36:44.288] - eth_call
[2025/06/24 16:36:44.381] - eth_chainId
[2025/06/24 16:36:44.392] - eth_call
[2025/06/25 12:52:31.662] - net_version
[2025/06/25 12:52:31.819] - net_version
[2025/06/25 12:52:31.841] - eth_blockNumber
[2025/06/25 12:52:31.856] - net_version
[2025/06/25 12:52:31.862] - net_version
[2025/06/25 12:52:31.867] - eth_getBlockByNumber
[2025/06/26 13:57:02.399] - eth_blockNumber
[2025/06/26 13:57:02.629] - eth_blockNumber
[2025/06/26 13:57:02.642] - eth_getBalance
[2025/06/26 13:57:02.654] - eth_getBalance
[2025/06/26 13:57:02.661] - eth_getBalance
[2025/06/26 14:00:58.755] - eth_chainId
[2025/06/26 14:01:29.092] - eth_chainId
[2025/06/26 14:01:29.131] - eth_call
[2025/06/26 14:01:29.403] - eth_blockNumber
[2025/06/26 14:01:31.667] - eth_blockNumber
[2025/06/26 14:01:31.789] - eth_call
[2025/06/26 14:01:31.818] - eth_blockNumber
[2025/06/26 14:01:31.825] - eth_getCode
[2025/06/26 14:01:32.709] - eth_gasPrice
[2025/06/26 14:01:33.577] - eth_chainId
[2025/06/26 14:01:33.590] - eth_call
[2025/06/26 14:01:33.647] - eth_chainId
[2025/06/26 14:01:33.656] - eth_call
[2025/06/26 14:04:06.491] - eth_chainId
[2025/06/26 14:04:10.430] - eth_chainId
[2025/06/26 14:04:10.449] - eth_call
[2025/06/26 14:04:10.566] - eth_blockNumber
[2025/06/26 14:04:13.347] - eth_blockNumber
[2025/06/26 14:04:13.421] - eth_call
[2025/06/26 14:04:15.212] - eth_chainId
[2025/06/26 14:04:15.234] - eth_call
[2025/06/26 14:04:15.564] - eth_chainId
[2025/06/26 14:04:15.573] - eth_call
[2025/06/26 14:04:47.912] - eth_blockNumber
[2025/06/26 14:08:53.969] - eth_chainId
[2025/06/26 14:08:57.970] - eth_chainId
[2025/06/26 14:08:58.009] - eth_call
[2025/06/26 14:08:58.125] - eth_chainId
[2025/06/26 14:08:58.140] - eth_call
[2025/06/26 14:08:58.264] - eth_chainId
[2025/06/26 14:08:58.272] - eth_call
[2025/06/26 14:09:01.012] - eth_chainId
[2025/06/26 14:09:01.027] - eth_call
[2025/06/26 14:09:01.124] - eth_blockNumber
[2025/06/26 14:09:04.071] - eth_blockNumber
[2025/06/26 14:09:04.228] - eth_call
[2025/06/26 14:09:05.562] - eth_chainId
[2025/06/26 14:09:05.574] - eth_call
[2025/06/26 14:09:05.623] - eth_chainId
[2025/06/26 14:09:05.636] - eth_call
[2025/06/26 14:09:15.969] - eth_chainId
[2025/06/26 14:09:15.976] - eth_call
