[2025/06/18 17:42:14.446] - Starting server with initial configuration: {"gasLimit":6721975,"gasPrice":20000000000,"hardfork":"merge","hostname":"127.0.0.1","port":8545,"network_id":5777,"default_balance_ether":10,"total_accounts":10,"unlocked_accounts":[],"locked":false,"vmErrorsOnRPCResponse":true,"verbose":false,"flavor":"ethereum","db_path":"C:\\Users\\Praveent\\AppData\\Roaming\\Ganache\\ui\\workspaces\\real-thing\\chaindata","logDirectory":"D:\\Praveen\\Personal\\projects\\trustkey\\ganache-logs"}
[2025/06/18 17:42:14.616] - eth_subscribe
[2025/06/18 17:42:14.621] - eth_getLogs
[2025/06/18 17:42:14.625] - eth_subscribe
[2025/06/18 17:42:14.628] - eth_subscribe
[2025/06/18 17:42:14.630] - eth_getLogs
[2025/06/18 17:42:14.631] - eth_subscribe
[2025/06/18 17:42:14.640] - eth_blockNumber
[2025/06/18 17:42:14.645] - eth_accounts
[2025/06/18 17:42:14.646] - eth_gasPrice
[2025/06/18 17:42:14.648] - eth_getBlockByNumber
[2025/06/18 17:42:14.649] - eth_subscribe
[2025/06/18 17:42:14.652] - eth_blockNumber
[2025/06/18 17:42:14.654] - eth_accounts
[2025/06/18 17:42:14.658] - eth_gasPrice
[2025/06/18 17:42:14.659] - eth_getBlockByNumber
[2025/06/18 17:42:14.660] - eth_subscribe
[2025/06/18 17:42:14.662] - eth_accounts
[2025/06/18 17:42:14.664] - eth_getBalance
[2025/06/18 17:42:14.666] - eth_getTransactionCount
[2025/06/18 17:42:14.668] - eth_getBalance
[2025/06/18 17:42:14.671] - eth_getTransactionCount
[2025/06/18 17:42:14.673] - eth_getBalance
[2025/06/18 17:42:14.675] - eth_getTransactionCount
[2025/06/18 17:42:14.677] - eth_getBalance
[2025/06/18 17:42:14.679] - eth_getTransactionCount
[2025/06/18 17:42:14.681] - eth_getBalance
[2025/06/18 17:42:14.683] - eth_getTransactionCount
[2025/06/18 17:42:14.686] - eth_getBalance
[2025/06/18 17:42:14.688] - eth_getTransactionCount
[2025/06/18 17:42:14.690] - eth_getBalance
[2025/06/18 17:42:14.692] - eth_getTransactionCount
[2025/06/18 17:42:14.695] - eth_getBalance
[2025/06/18 17:42:14.696] - eth_getTransactionCount
[2025/06/18 17:42:14.699] - eth_getBalance
[2025/06/18 17:42:14.700] - eth_getTransactionCount
[2025/06/18 17:42:14.703] - eth_getBalance
[2025/06/18 17:42:14.705] - eth_getTransactionCount
[2025/06/18 17:42:14.743] - eth_getBalance
[2025/06/18 17:42:14.745] - eth_getTransactionCount
[2025/06/18 17:42:14.747] - eth_getBalance
[2025/06/18 17:42:14.751] - eth_getTransactionCount
[2025/06/18 17:42:14.754] - eth_getBalance
[2025/06/18 17:42:14.756] - eth_getTransactionCount
[2025/06/18 17:42:14.758] - eth_getBalance
[2025/06/18 17:42:14.760] - eth_getTransactionCount
[2025/06/18 17:42:14.763] - eth_getBalance
[2025/06/18 17:42:14.765] - eth_getTransactionCount
[2025/06/18 17:42:14.767] - eth_getBalance
[2025/06/18 17:42:14.769] - eth_getTransactionCount
[2025/06/18 17:42:14.771] - eth_getBalance
[2025/06/18 17:42:14.774] - eth_getTransactionCount
[2025/06/18 17:42:14.777] - eth_getBalance
[2025/06/18 17:42:14.778] - eth_getTransactionCount
[2025/06/18 17:42:14.781] - eth_getBalance
[2025/06/18 17:42:14.782] - eth_getTransactionCount
[2025/06/18 17:42:14.784] - eth_getBalance
[2025/06/18 17:42:14.786] - eth_getTransactionCount
[2025/06/18 17:42:14.789] - eth_getBalance
[2025/06/18 17:42:14.790] - eth_getTransactionCount
[2025/06/18 17:42:14.793] - eth_getBalance
[2025/06/18 17:42:14.794] - eth_getTransactionCount
[2025/06/18 17:42:14.797] - eth_getBalance
[2025/06/18 17:42:14.798] - eth_getTransactionCount
[2025/06/18 17:42:14.801] - eth_getBalance
[2025/06/18 17:42:14.803] - eth_getTransactionCount
[2025/06/18 17:42:14.805] - eth_getBalance
[2025/06/18 17:42:14.808] - eth_getTransactionCount
[2025/06/18 17:42:14.809] - eth_getBalance
[2025/06/18 17:42:14.811] - eth_getTransactionCount
[2025/06/18 17:42:14.812] - eth_getBalance
[2025/06/18 17:42:14.815] - eth_getTransactionCount
[2025/06/18 17:42:14.817] - eth_getBalance
[2025/06/18 17:42:14.818] - eth_getTransactionCount
[2025/06/18 17:42:14.820] - eth_getBalance
[2025/06/18 17:42:14.824] - eth_getTransactionCount
[2025/06/18 17:42:14.825] - eth_getBalance
[2025/06/18 17:42:14.827] - eth_getTransactionCount
[2025/06/18 17:42:14.828] - eth_getBalance
[2025/06/18 17:42:14.831] - eth_getTransactionCount
[2025/06/18 17:42:14.833] - eth_getBalance
[2025/06/18 17:42:14.834] - eth_getTransactionCount
[2025/06/18 17:42:14.836] - eth_getBalance
[2025/06/18 17:42:14.841] - eth_getTransactionCount
[2025/06/18 17:42:14.842] - eth_getBalance
[2025/06/18 17:42:14.843] - eth_getTransactionCount
[2025/06/18 17:42:14.845] - eth_getBalance
[2025/06/18 17:42:14.846] - eth_getTransactionCount
[2025/06/18 17:42:14.850] - eth_getBalance
[2025/06/18 17:42:14.852] - eth_getTransactionCount
[2025/06/18 17:42:14.855] - eth_getBalance
[2025/06/18 17:42:14.857] - eth_getTransactionCount
[2025/06/18 17:42:14.859] - eth_getBalance
[2025/06/18 17:42:14.861] - eth_getTransactionCount
[2025/06/18 17:42:14.868] - eth_getBalance
[2025/06/18 17:42:14.870] - eth_getTransactionCount
[2025/06/18 17:42:14.872] - eth_getBalance
[2025/06/18 17:42:14.874] - eth_getTransactionCount
[2025/06/18 17:42:27.148] - eth_blockNumber
[2025/06/18 17:42:27.170] - net_version
[2025/06/18 17:42:27.176] - eth_accounts
[2025/06/18 17:42:27.203] - eth_getBlockByNumber
[2025/06/18 17:42:27.215] - eth_accounts
[2025/06/18 17:42:27.261] - eth_getBlockByNumber
[2025/06/18 17:42:27.270] - eth_getBlockByNumber
[2025/06/18 17:42:27.281] - eth_getBlockByNumber
[2025/06/18 17:42:27.294] - eth_estimateGas
[2025/06/18 17:42:27.399] - eth_getBlockByNumber
[2025/06/18 17:42:27.401] - eth_blockNumber
[2025/06/18 17:42:27.408] - eth_estimateGas
[2025/06/18 17:42:27.435] - eth_getBlockByNumber
[2025/06/18 17:42:27.437] - eth_gasPrice
[2025/06/18 17:42:27.443] - eth_sendTransaction
[2025/06/18 17:42:27.472] - 
  Transaction: 0xf32c94f53831ed7b030bd52c373f975ec9c149d6ec4a57eeed0f70ae6f9c9498
  Contract created: 0xbcd77f1da3dc30277a91bc0184a203455bc83222
  Gas usage: 250154
  Block number: 1
  Block time: Wed Jun 18 2025 17:42:27 GMT+0530 (India Standard Time)

[2025/06/18 17:42:27.483] - eth_getBlockByNumber
[2025/06/18 17:42:27.486] - eth_getTransactionReceipt
[2025/06/18 17:42:27.490] - eth_getBalance
[2025/06/18 17:42:27.497] - eth_getTransactionCount
[2025/06/18 17:42:27.501] - eth_getCode
[2025/06/18 17:42:27.504] - eth_getBalance
[2025/06/18 17:42:27.508] - eth_getTransactionCount
[2025/06/18 17:42:27.515] - eth_getBalance
[2025/06/18 17:42:27.519] - eth_getTransactionCount
[2025/06/18 17:42:27.523] - eth_getBalance
[2025/06/18 17:42:27.526] - eth_getTransactionByHash
[2025/06/18 17:42:27.531] - eth_getTransactionCount
[2025/06/18 17:42:27.535] - eth_getBalance
[2025/06/18 17:42:27.539] - eth_getTransactionCount
[2025/06/18 17:42:27.544] - eth_getBlockByNumber
[2025/06/18 17:42:27.548] - eth_getBalance
[2025/06/18 17:42:27.551] - eth_getTransactionCount
[2025/06/18 17:42:27.557] - eth_getBalance
[2025/06/18 17:42:27.559] - eth_getTransactionCount
[2025/06/18 17:42:27.571] - eth_getBalance
[2025/06/18 17:42:27.574] - eth_getTransactionCount
[2025/06/18 17:42:27.576] - eth_getBalance
[2025/06/18 17:42:27.583] - eth_getBalance
[2025/06/18 17:42:27.589] - eth_getTransactionCount
[2025/06/18 17:42:27.592] - eth_getBalance
[2025/06/18 17:42:27.602] - eth_getTransactionCount
[2025/06/18 17:42:27.634] - eth_getBlockByNumber
[2025/06/18 17:42:27.646] - eth_getBlockByNumber
[2025/06/18 17:42:27.666] - eth_estimateGas
[2025/06/18 17:42:27.748] - eth_getBlockByNumber
[2025/06/18 17:42:27.753] - eth_gasPrice
[2025/06/18 17:42:27.760] - eth_sendTransaction
[2025/06/18 17:42:27.800] - 
  Transaction: 0x4f16a31e13691175cfeaabe09869c9ab4ab75bfc8f4a2058edc68b7d69ca7978
  Gas usage: 45913
  Block number: 2
  Block time: Wed Jun 18 2025 17:42:27 GMT+0530 (India Standard Time)

[2025/06/18 17:42:27.806] - eth_getBlockByNumber
[2025/06/18 17:42:27.810] - eth_getTransactionReceipt
[2025/06/18 17:42:27.834] - eth_getBlockByNumber
[2025/06/18 17:42:27.840] - eth_accounts
[2025/06/18 17:42:27.880] - eth_getBalance
[2025/06/18 17:42:27.884] - eth_getTransactionCount
[2025/06/18 17:42:27.888] - eth_getBalance
[2025/06/18 17:42:27.891] - eth_getTransactionCount
[2025/06/18 17:42:27.896] - eth_getBalance
[2025/06/18 17:42:27.901] - eth_getTransactionCount
[2025/06/18 17:42:27.906] - eth_getBalance
[2025/06/18 17:42:27.909] - eth_getTransactionCount
[2025/06/18 17:42:27.915] - eth_getBalance
[2025/06/18 17:42:27.923] - eth_getTransactionCount
[2025/06/18 17:42:27.930] - eth_getBalance
[2025/06/18 17:42:27.934] - eth_getTransactionCount
[2025/06/18 17:42:27.941] - net_version
[2025/06/18 17:42:27.945] - eth_getBalance
[2025/06/18 17:42:27.949] - eth_getTransactionCount
[2025/06/18 17:42:27.953] - eth_getBlockByNumber
[2025/06/18 17:42:27.957] - eth_getBalance
[2025/06/18 17:42:27.961] - eth_getTransactionCount
[2025/06/18 17:42:27.966] - eth_getTransactionCount
[2025/06/18 17:42:27.969] - eth_getBlockByNumber
[2025/06/18 17:42:27.975] - net_version
[2025/06/18 17:42:27.983] - eth_getBlockByNumber
[2025/06/18 17:42:28.002] - eth_estimateGas
[2025/06/18 17:42:28.082] - net_version
[2025/06/18 17:42:28.085] - eth_blockNumber
[2025/06/18 17:42:28.089] - eth_getBlockByNumber
[2025/06/18 17:42:28.102] - eth_estimateGas
[2025/06/18 17:42:28.140] - eth_getBlockByNumber
[2025/06/18 17:42:28.144] - eth_gasPrice
[2025/06/18 17:42:28.152] - eth_sendTransaction
[2025/06/18 17:42:28.180] - 
  Transaction: 0xedd51f781faf8fce640711ccf8d2c7c94cfb4e6d369bed29034b667b6bd366a4
  Contract created: 0xd5ef670c3bcffe1a58ed26ed1ee712e5db312a9c
  Gas usage: 4314341
  Block number: 3
  Block time: Wed Jun 18 2025 17:42:28 GMT+0530 (India Standard Time)

[2025/06/18 17:42:28.185] - eth_getBlockByNumber
[2025/06/18 17:42:28.188] - eth_getTransactionReceipt
[2025/06/18 17:42:28.197] - eth_getBalance
[2025/06/18 17:42:28.201] - eth_getCode
[2025/06/18 17:42:28.207] - eth_getTransactionCount
[2025/06/18 17:42:28.218] - eth_getBalance
[2025/06/18 17:42:28.222] - eth_getTransactionCount
[2025/06/18 17:42:28.229] - eth_getBalance
[2025/06/18 17:42:28.234] - eth_getTransactionByHash
[2025/06/18 17:42:28.239] - eth_getTransactionCount
[2025/06/18 17:42:28.242] - eth_getBalance
[2025/06/18 17:42:28.262] - eth_getTransactionCount
[2025/06/18 17:42:28.265] - eth_getBalance
[2025/06/18 17:42:28.268] - eth_getTransactionCount
[2025/06/18 17:42:28.272] - eth_getBalance
[2025/06/18 17:42:28.280] - eth_getBlockByNumber
[2025/06/18 17:42:28.291] - eth_getTransactionCount
[2025/06/18 17:42:28.295] - eth_getBalance
[2025/06/18 17:42:28.298] - eth_getTransactionCount
[2025/06/18 17:42:28.301] - eth_getBalance
[2025/06/18 17:42:28.304] - eth_getTransactionCount
[2025/06/18 17:42:28.313] - eth_getBalance
[2025/06/18 17:42:28.317] - eth_getTransactionCount
[2025/06/18 17:42:28.320] - eth_getBalance
[2025/06/18 17:42:28.323] - eth_getTransactionCount
[2025/06/18 17:42:28.330] - eth_getBalance
[2025/06/18 17:42:28.378] - eth_getBlockByNumber
[2025/06/18 17:42:28.387] - eth_getBlockByNumber
[2025/06/18 17:42:28.400] - eth_estimateGas
[2025/06/18 17:42:28.437] - eth_getBlockByNumber
[2025/06/18 17:42:28.440] - eth_gasPrice
[2025/06/18 17:42:28.448] - eth_sendTransaction
[2025/06/18 17:42:28.470] - 
  Transaction: 0xfb4bc03302adb4f045a397ccdbf0fa625b383ec7222f4e4d1b9bc490788762ee
  Gas usage: 28813
  Block number: 4
  Block time: Wed Jun 18 2025 17:42:28 GMT+0530 (India Standard Time)

[2025/06/18 17:42:28.475] - eth_getBlockByNumber
[2025/06/18 17:42:28.481] - eth_getTransactionReceipt
[2025/06/18 17:42:28.513] - eth_getBalance
[2025/06/18 17:42:28.517] - eth_getTransactionCount
[2025/06/18 17:42:28.521] - eth_getBalance
[2025/06/18 17:42:28.525] - eth_getTransactionCount
[2025/06/18 17:42:28.533] - eth_getBalance
[2025/06/18 17:42:28.536] - eth_getTransactionCount
[2025/06/18 17:42:28.540] - eth_getBalance
[2025/06/18 17:42:28.545] - eth_getTransactionCount
[2025/06/18 17:42:28.550] - eth_getBalance
[2025/06/18 17:42:28.553] - eth_getTransactionCount
[2025/06/18 17:42:28.557] - eth_getBalance
[2025/06/18 17:42:28.560] - eth_getTransactionCount
[2025/06/18 17:42:28.566] - eth_getBalance
[2025/06/18 17:42:28.570] - eth_getTransactionCount
[2025/06/18 17:42:28.572] - eth_getBalance
[2025/06/18 17:42:28.581] - eth_getTransactionCount
[2025/06/18 17:42:28.585] - eth_getBalance
[2025/06/18 17:42:28.596] - eth_getTransactionCount
[2025/06/18 17:42:28.602] - eth_getBalance
[2025/06/18 17:42:28.607] - eth_getTransactionCount
[2025/06/18 17:43:27.359] - eth_blockNumber
[2025/06/18 17:43:27.373] - eth_getBalance
[2025/06/18 17:43:27.401] - eth_getCode
[2025/06/18 17:43:27.442] - eth_call
[2025/06/18 17:43:32.261] - eth_blockNumber
[2025/06/18 17:43:32.274] - eth_getBalance
[2025/06/18 17:43:50.294] - eth_blockNumber
[2025/06/18 17:44:11.656] - eth_blockNumber
[2025/06/18 17:44:18.046] - eth_getBalance
[2025/06/18 17:44:34.897] - eth_blockNumber
[2025/06/18 17:44:36.991] - eth_getTransactionCount
[2025/06/18 17:44:37.011] - eth_gasPrice
[2025/06/18 17:44:37.030] - eth_call
[2025/06/18 17:44:42.365] - eth_call
[2025/06/18 17:45:28.846] - eth_chainId
[2025/06/18 17:45:28.849] - eth_call
[2025/06/18 17:46:39.493] - eth_chainId
[2025/06/18 17:46:39.498] - eth_call
[2025/06/18 17:46:43.801] - eth_blockNumber
[2025/06/18 17:46:54.037] - eth_call
[2025/06/18 17:48:52.846] - eth_blockNumber
[2025/06/18 17:48:59.965] - eth_call
[2025/06/18 21:20:20.236] - eth_blockNumber
[2025/06/18 21:20:20.321] - eth_call
[2025/06/18 21:21:08.914] - eth_blockNumber
[2025/06/18 21:21:13.904] - eth_call
[2025/06/18 21:21:13.920] - eth_chainId
[2025/06/18 21:21:38.202] - eth_blockNumber
[2025/06/18 21:21:47.034] - eth_call
[2025/06/18 21:25:32.499] - eth_blockNumber
[2025/06/18 21:26:54.669] - eth_blockNumber
[2025/06/18 21:26:54.712] - eth_call
[2025/06/18 21:32:39.165] - eth_blockNumber
[2025/06/18 21:32:39.179] - eth_getBlockByNumber
[2025/06/18 21:32:45.290] - eth_chainId
[2025/06/18 21:32:59.194] - eth_blockNumber
[2025/06/18 21:33:15.999] - eth_unsubscribe
[2025/06/18 21:33:16.006] - eth_unsubscribe
