[2025/06/18 21:53:17.930] - Starting server with initial configuration: {"gasLimit":6721975,"gasPrice":20000000000,"hardfork":"merge","hostname":"127.0.0.1","port":8545,"network_id":1337,"default_balance_ether":100,"total_accounts":10,"unlocked_accounts":[],"locked":false,"vmErrorsOnRPCResponse":true,"verbose":false,"flavor":"ethereum","db_path":"C:\\Users\\Praveent\\AppData\\Roaming\\Ganache\\ui\\workspaces\\famous-party\\chaindata","mnemonic":"copper famous armed mango ancient gospel boy ship miracle cliff turtle couple","logDirectory":"D:\\Praveen\\Personal\\projects\\trustkey\\ganache-logs"}
[2025/06/18 21:53:18.390] - eth_getLogs
[2025/06/18 21:53:18.395] - eth_subscribe
[2025/06/18 21:53:18.401] - eth_subscribe
[2025/06/18 21:53:18.404] - eth_subscribe
[2025/06/18 21:53:18.407] - eth_getLogs
[2025/06/18 21:53:18.409] - eth_subscribe
[2025/06/18 21:53:18.412] - eth_blockNumber
[2025/06/18 21:53:18.414] - eth_accounts
[2025/06/18 21:53:18.415] - eth_gasPrice
[2025/06/18 21:53:18.417] - eth_getBlockByNumber
[2025/06/18 21:53:18.418] - eth_subscribe
[2025/06/18 21:53:18.421] - eth_blockNumber
[2025/06/18 21:53:18.422] - eth_accounts
[2025/06/18 21:53:18.424] - eth_gasPrice
[2025/06/18 21:53:18.426] - eth_getBlockByNumber
[2025/06/18 21:53:18.427] - eth_subscribe
[2025/06/18 21:53:18.435] - eth_getBalance
[2025/06/18 21:53:18.437] - eth_getTransactionCount
[2025/06/18 21:53:18.441] - eth_getBalance
[2025/06/18 21:53:18.443] - eth_getTransactionCount
[2025/06/18 21:53:18.447] - eth_getBalance
[2025/06/18 21:53:18.449] - eth_getTransactionCount
[2025/06/18 21:53:18.452] - eth_getBalance
[2025/06/18 21:53:18.455] - eth_getTransactionCount
[2025/06/18 21:53:18.458] - eth_getBalance
[2025/06/18 21:53:18.462] - eth_getTransactionCount
[2025/06/18 21:53:18.466] - eth_getBalance
[2025/06/18 21:53:18.469] - eth_getTransactionCount
[2025/06/18 21:53:18.473] - eth_getBalance
[2025/06/18 21:53:18.476] - eth_getTransactionCount
[2025/06/18 21:53:18.480] - eth_getBalance
[2025/06/18 21:53:18.483] - eth_getTransactionCount
[2025/06/18 21:53:18.485] - eth_getBalance
[2025/06/18 21:53:18.489] - eth_getTransactionCount
[2025/06/18 21:53:18.491] - eth_getBalance
[2025/06/18 21:53:18.493] - eth_getTransactionCount
[2025/06/18 21:53:18.498] - eth_getBalance
[2025/06/18 21:53:18.502] - eth_getTransactionCount
[2025/06/18 21:53:18.505] - eth_getBalance
[2025/06/18 21:53:18.508] - eth_getTransactionCount
[2025/06/18 21:53:18.510] - eth_getBalance
[2025/06/18 21:53:18.513] - eth_getTransactionCount
[2025/06/18 21:53:18.516] - eth_getBalance
[2025/06/18 21:53:18.518] - eth_getTransactionCount
[2025/06/18 21:53:18.519] - eth_getBalance
[2025/06/18 21:53:18.522] - eth_getTransactionCount
[2025/06/18 21:53:18.524] - eth_getBalance
[2025/06/18 21:53:18.526] - eth_getTransactionCount
[2025/06/18 21:53:18.529] - eth_getBalance
[2025/06/18 21:53:18.535] - eth_getTransactionCount
[2025/06/18 21:53:18.537] - eth_getBalance
[2025/06/18 21:53:18.540] - eth_getTransactionCount
[2025/06/18 21:53:18.542] - eth_getBalance
[2025/06/18 21:53:18.551] - eth_getTransactionCount
[2025/06/18 21:53:18.553] - eth_getBalance
[2025/06/18 21:53:18.556] - eth_getTransactionCount
[2025/06/18 21:53:18.635] - eth_getBalance
[2025/06/18 21:53:18.640] - eth_getTransactionCount
[2025/06/18 21:53:18.644] - eth_getBalance
[2025/06/18 21:53:18.650] - eth_getTransactionCount
[2025/06/18 21:53:18.654] - eth_getBalance
[2025/06/18 21:53:18.658] - eth_getTransactionCount
[2025/06/18 21:53:18.663] - eth_getBalance
[2025/06/18 21:53:18.668] - eth_getTransactionCount
[2025/06/18 21:53:18.672] - eth_getBalance
[2025/06/18 21:53:18.676] - eth_getTransactionCount
[2025/06/18 21:53:18.680] - eth_getBalance
[2025/06/18 21:53:18.682] - eth_getTransactionCount
[2025/06/18 21:53:18.686] - eth_getBalance
[2025/06/18 21:53:18.688] - eth_getTransactionCount
[2025/06/18 21:53:18.690] - eth_getBalance
[2025/06/18 21:53:18.692] - eth_getTransactionCount
[2025/06/18 21:53:18.697] - eth_getBalance
[2025/06/18 21:53:18.699] - eth_getTransactionCount
[2025/06/18 21:53:18.703] - eth_getBalance
[2025/06/18 21:53:18.705] - eth_getTransactionCount
[2025/06/18 21:53:18.707] - eth_getBalance
[2025/06/18 21:53:18.710] - eth_getTransactionCount
[2025/06/18 21:53:18.713] - eth_getBalance
[2025/06/18 21:53:18.715] - eth_getTransactionCount
[2025/06/18 21:53:18.719] - eth_getBalance
[2025/06/18 21:53:18.720] - eth_getTransactionCount
[2025/06/18 21:53:18.722] - eth_getBalance
[2025/06/18 21:53:18.724] - eth_getTransactionCount
[2025/06/18 21:53:18.731] - eth_getBalance
[2025/06/18 21:53:18.733] - eth_getTransactionCount
[2025/06/18 21:53:18.735] - eth_getBalance
[2025/06/18 21:53:18.738] - eth_getTransactionCount
[2025/06/18 21:53:18.740] - eth_getBalance
[2025/06/18 21:53:18.742] - eth_getTransactionCount
[2025/06/18 21:53:18.748] - eth_getBalance
[2025/06/18 21:53:18.750] - eth_getTransactionCount
[2025/06/18 21:53:18.752] - eth_getBalance
[2025/06/18 21:53:18.754] - eth_getTransactionCount
[2025/06/18 21:53:18.756] - eth_getBalance
[2025/06/18 21:53:18.758] - eth_getTransactionCount
[2025/06/18 21:53:40.787] - eth_blockNumber
[2025/06/18 21:53:40.880] - net_version
[2025/06/18 21:53:40.896] - eth_accounts
[2025/06/18 21:53:40.950] - eth_getBlockByNumber
[2025/06/18 21:53:40.972] - eth_accounts
[2025/06/18 21:53:41.058] - eth_getBlockByNumber
[2025/06/18 21:53:41.069] - eth_getBlockByNumber
[2025/06/18 21:53:41.080] - eth_getBlockByNumber
[2025/06/18 21:53:41.100] - eth_estimateGas
[2025/06/18 21:53:41.306] - eth_getBlockByNumber
[2025/06/18 21:53:41.310] - eth_blockNumber
[2025/06/18 21:53:41.323] - eth_estimateGas
[2025/06/18 21:53:41.380] - eth_getBlockByNumber
[2025/06/18 21:53:41.435] - eth_gasPrice
[2025/06/18 21:53:41.455] - eth_sendTransaction
[2025/06/18 21:53:41.509] - 
  Transaction: 0x08b6d885b33808f9ae3b26e602e46dd3da6de7d59aae08be957d85feff503949
  Contract created: 0x23b1b5a3477b8085fc2412063c5cee6c48bb0c57
  Gas usage: 250154
  Block number: 1
  Block time: Wed Jun 18 2025 21:53:41 GMT+0530 (India Standard Time)

[2025/06/18 21:53:41.533] - eth_getBlockByNumber
[2025/06/18 21:53:41.540] - eth_getTransactionReceipt
[2025/06/18 21:53:41.552] - eth_getBalance
[2025/06/18 21:53:41.557] - eth_getTransactionCount
[2025/06/18 21:53:41.562] - eth_getBalance
[2025/06/18 21:53:41.567] - eth_getTransactionCount
[2025/06/18 21:53:41.572] - eth_getBalance
[2025/06/18 21:53:41.575] - eth_getTransactionCount
[2025/06/18 21:53:41.579] - eth_getCode
[2025/06/18 21:53:41.585] - eth_getBalance
[2025/06/18 21:53:41.588] - eth_getTransactionCount
[2025/06/18 21:53:41.592] - eth_getBalance
[2025/06/18 21:53:41.596] - eth_getTransactionCount
[2025/06/18 21:53:41.600] - eth_getBalance
[2025/06/18 21:53:41.605] - eth_getTransactionCount
[2025/06/18 21:53:41.607] - eth_getBalance
[2025/06/18 21:53:41.609] - eth_getTransactionCount
[2025/06/18 21:53:41.617] - eth_getBalance
[2025/06/18 21:53:41.621] - eth_getTransactionCount
[2025/06/18 21:53:41.625] - eth_getBalance
[2025/06/18 21:53:41.631] - eth_getTransactionCount
[2025/06/18 21:53:41.642] - eth_getBalance
[2025/06/18 21:53:41.649] - eth_getTransactionCount
[2025/06/18 21:53:41.655] - eth_getTransactionByHash
[2025/06/18 21:53:41.680] - eth_getBlockByNumber
[2025/06/18 21:53:41.704] - eth_getBalance
[2025/06/18 21:53:41.724] - eth_getBlockByNumber
[2025/06/18 21:53:41.741] - eth_getBlockByNumber
[2025/06/18 21:53:41.758] - eth_estimateGas
[2025/06/18 21:53:41.817] - eth_getBlockByNumber
[2025/06/18 21:53:41.821] - eth_gasPrice
[2025/06/18 21:53:41.833] - eth_sendTransaction
[2025/06/18 21:53:41.860] - 
  Transaction: 0x91c0ac4ae91c6e49756210ab3b3945fa716c0d6ee0229906db25623c885cd1d2
  Gas usage: 45913
  Block number: 2
  Block time: Wed Jun 18 2025 21:53:41 GMT+0530 (India Standard Time)

[2025/06/18 21:53:41.867] - eth_getBlockByNumber
[2025/06/18 21:53:41.871] - eth_getTransactionReceipt
[2025/06/18 21:53:41.878] - eth_getBalance
[2025/06/18 21:53:41.884] - eth_getTransactionCount
[2025/06/18 21:53:41.889] - eth_getBalance
[2025/06/18 21:53:41.893] - eth_getTransactionCount
[2025/06/18 21:53:41.899] - eth_getBalance
[2025/06/18 21:53:41.903] - eth_getTransactionCount
[2025/06/18 21:53:41.907] - eth_getBlockByNumber
[2025/06/18 21:53:41.913] - eth_getBalance
[2025/06/18 21:53:41.918] - eth_getTransactionCount
[2025/06/18 21:53:41.923] - eth_accounts
[2025/06/18 21:53:41.929] - eth_getBalance
[2025/06/18 21:53:41.933] - eth_getTransactionCount
[2025/06/18 21:53:41.938] - eth_getBalance
[2025/06/18 21:53:41.943] - eth_getTransactionCount
[2025/06/18 21:53:41.951] - eth_getBalance
[2025/06/18 21:53:41.960] - eth_getTransactionCount
[2025/06/18 21:53:41.970] - eth_getBalance
[2025/06/18 21:53:41.974] - eth_getTransactionCount
[2025/06/18 21:53:41.981] - eth_getBalance
[2025/06/18 21:53:41.987] - eth_getTransactionCount
[2025/06/18 21:53:41.992] - eth_getBalance
[2025/06/18 21:53:41.998] - eth_getTransactionCount
[2025/06/18 21:53:42.038] - eth_getBlockByNumber
[2025/06/18 21:53:42.045] - eth_getBlockByNumber
[2025/06/18 21:53:42.052] - eth_getBlockByNumber
[2025/06/18 21:53:42.064] - eth_estimateGas
[2025/06/18 21:53:42.133] - eth_getBlockByNumber
[2025/06/18 21:53:42.136] - eth_blockNumber
[2025/06/18 21:53:42.141] - eth_estimateGas
[2025/06/18 21:53:42.171] - eth_getBlockByNumber
[2025/06/18 21:53:42.176] - eth_gasPrice
[2025/06/18 21:53:42.190] - eth_sendTransaction
[2025/06/18 21:53:42.240] - 
  Transaction: 0xc5ef71c643f635a23c8d5ce04ac1452d8ba2dad2b50c25ccbd728768c6ac8456
  Contract created: 0x5f373af854dfa0246a20718cd6fe8ff66ea41569
  Gas usage: 4314341
  Block number: 3
  Block time: Wed Jun 18 2025 21:53:42 GMT+0530 (India Standard Time)

[2025/06/18 21:53:42.251] - eth_getBlockByNumber
[2025/06/18 21:53:42.257] - eth_getTransactionReceipt
[2025/06/18 21:53:42.266] - eth_getBalance
[2025/06/18 21:53:42.272] - eth_getTransactionCount
[2025/06/18 21:53:42.278] - eth_getBalance
[2025/06/18 21:53:42.285] - eth_getCode
[2025/06/18 21:53:42.292] - eth_getTransactionCount
[2025/06/18 21:53:42.297] - eth_getBalance
[2025/06/18 21:53:42.301] - eth_getTransactionCount
[2025/06/18 21:53:42.308] - eth_getBalance
[2025/06/18 21:53:42.313] - eth_getTransactionCount
[2025/06/18 21:53:42.319] - eth_getBalance
[2025/06/18 21:53:42.328] - eth_getTransactionCount
[2025/06/18 21:53:42.332] - eth_getBalance
[2025/06/18 21:53:42.336] - eth_getTransactionCount
[2025/06/18 21:53:42.343] - eth_getBalance
[2025/06/18 21:53:42.352] - eth_getTransactionCount
[2025/06/18 21:53:42.356] - eth_getBalance
[2025/06/18 21:53:42.358] - eth_getTransactionCount
[2025/06/18 21:53:42.366] - eth_getBalance
[2025/06/18 21:53:42.368] - eth_getTransactionCount
[2025/06/18 21:53:42.371] - eth_getBalance
[2025/06/18 21:53:42.373] - eth_getTransactionCount
[2025/06/18 21:53:42.376] - eth_getTransactionByHash
[2025/06/18 21:53:42.389] - eth_getBlockByNumber
[2025/06/18 21:53:42.398] - eth_getBalance
[2025/06/18 21:53:42.461] - eth_getBlockByNumber
[2025/06/18 21:53:42.471] - eth_getBlockByNumber
[2025/06/18 21:53:42.487] - eth_estimateGas
[2025/06/18 21:53:42.534] - eth_getBlockByNumber
[2025/06/18 21:53:42.537] - eth_gasPrice
[2025/06/18 21:53:42.541] - eth_sendTransaction
[2025/06/18 21:53:42.565] - eth_getBlockByNumber
[2025/06/18 21:53:42.571] - eth_getBlockByNumber
[2025/06/18 21:53:42.575] - 
  Transaction: 0xec0a8c24db8da1a206be0a017c587ef6c8f0d88076c41e6d0421c67f8ed89d0f
  Gas usage: 28813
  Block number: 4
  Block time: Wed Jun 18 2025 21:53:42 GMT+0530 (India Standard Time)

[2025/06/18 21:53:42.581] - eth_getBlockByNumber
[2025/06/18 21:53:42.584] - eth_getTransactionReceipt
[2025/06/18 21:53:42.588] - eth_getBalance
[2025/06/18 21:53:42.592] - eth_getTransactionCount
[2025/06/18 21:53:42.597] - eth_getBalance
[2025/06/18 21:53:42.601] - eth_getTransactionCount
[2025/06/18 21:53:42.606] - eth_getBalance
[2025/06/18 21:53:42.609] - eth_getTransactionCount
[2025/06/18 21:53:42.614] - eth_getBalance
[2025/06/18 21:53:42.618] - eth_getTransactionCount
[2025/06/18 21:53:42.623] - eth_getBalance
[2025/06/18 21:53:42.626] - eth_getTransactionCount
[2025/06/18 21:53:42.630] - eth_getBalance
[2025/06/18 21:53:42.636] - eth_getTransactionCount
[2025/06/18 21:53:42.640] - eth_getBalance
[2025/06/18 21:53:42.646] - eth_getTransactionCount
[2025/06/18 21:53:42.650] - eth_getBalance
[2025/06/18 21:53:42.655] - eth_getTransactionCount
[2025/06/18 21:53:42.658] - eth_getBalance
[2025/06/18 21:53:42.661] - eth_getTransactionCount
[2025/06/18 21:53:42.666] - eth_getBalance
[2025/06/18 21:53:42.669] - eth_getTransactionCount
[2025/06/18 21:57:09.975] - eth_blockNumber
[2025/06/18 21:57:20.257] - eth_getBalance
[2025/06/18 21:57:30.009] - eth_blockNumber
[2025/06/18 21:57:42.864] - eth_blockNumber
[2025/06/18 21:57:56.720] - eth_getCode
[2025/06/18 21:57:56.843] - eth_call
[2025/06/18 21:58:14.263] - eth_blockNumber
[2025/06/18 21:58:14.300] - eth_getTransactionCount
[2025/06/18 21:58:14.344] - eth_call
[2025/06/18 22:00:53.672] - eth_blockNumber
[2025/06/18 22:07:41.667] - eth_blockNumber
[2025/06/18 22:07:41.714] - eth_call
[2025/06/18 22:09:35.039] - eth_blockNumber
[2025/06/18 22:09:44.748] - eth_estimateGas
[2025/06/18 22:12:59.693] - eth_blockNumber
[2025/06/18 22:13:08.840] - eth_estimateGas
[2025/06/18 22:13:09.237] - eth_call
[2025/06/18 22:13:09.414] - eth_blockNumber
[2025/06/18 22:13:09.461] - eth_getCode
[2025/06/18 22:13:09.468] - eth_getCode
[2025/06/18 22:13:14.441] - eth_call
[2025/06/18 22:13:14.659] - eth_call
[2025/06/18 22:13:14.817] - eth_call
[2025/06/18 22:13:15.082] - eth_call
[2025/06/18 22:13:18.047] - eth_blockNumber
[2025/06/18 22:13:18.388] - eth_call
[2025/06/18 22:13:18.457] - eth_call
[2025/06/18 22:13:18.505] - eth_call
[2025/06/18 22:13:18.512] - eth_call
[2025/06/18 22:13:26.463] - eth_sendRawTransaction
[2025/06/18 22:13:26.554] - 
  Transaction: 0x4a758dd009d561647060097ef1542e694fae2e6fda4e5c1785b583b1bf6bc13c
  Gas usage: 412653
  Block number: 5
  Block time: Wed Jun 18 2025 22:13:26 GMT+0530 (India Standard Time)

[2025/06/18 22:13:26.564] - eth_getBlockByNumber
[2025/06/18 22:13:26.610] - eth_call
[2025/06/18 22:13:26.631] - eth_getBalance
[2025/06/18 22:13:26.641] - eth_getTransactionCount
[2025/06/18 22:13:26.663] - eth_getBalance
[2025/06/18 22:13:26.696] - eth_getTransactionCount
[2025/06/18 22:13:26.711] - eth_getBalance
[2025/06/18 22:13:26.732] - eth_getTransactionCount
[2025/06/18 22:13:26.758] - eth_getBalance
[2025/06/18 22:13:26.791] - eth_getTransactionCount
[2025/06/18 22:13:26.821] - eth_getTransactionReceipt
[2025/06/18 22:13:26.828] - eth_getBalance
[2025/06/18 22:13:26.838] - eth_getTransactionCount
[2025/06/18 22:13:26.847] - eth_getBalance
[2025/06/18 22:13:26.859] - eth_getTransactionCount
[2025/06/18 22:13:26.869] - eth_call
[2025/06/18 22:13:26.876] - eth_blockNumber
[2025/06/18 22:13:26.884] - eth_getBalance
[2025/06/18 22:13:26.889] - eth_getTransactionCount
[2025/06/18 22:13:26.904] - eth_getBalance
[2025/06/18 22:13:26.912] - eth_getTransactionCount
[2025/06/18 22:13:26.927] - eth_getBalance
[2025/06/18 22:13:26.939] - eth_getTransactionCount
[2025/06/18 22:13:26.947] - eth_getBalance
[2025/06/18 22:13:26.955] - eth_getTransactionCount
[2025/06/18 22:13:26.989] - eth_call
[2025/06/18 22:13:27.010] - eth_call
[2025/06/18 22:13:27.136] - eth_getBalance
[2025/06/18 22:13:27.145] - eth_getBalance
[2025/06/18 22:13:29.595] - eth_getTransactionReceipt
[2025/06/18 22:13:29.606] - eth_getBlockByHash
[2025/06/18 22:13:29.642] - eth_call
[2025/06/18 22:13:29.677] - eth_call
[2025/06/18 22:13:29.816] - eth_call
[2025/06/18 22:13:29.820] - eth_call
[2025/06/18 22:15:22.827] - eth_call
[2025/06/18 22:15:22.834] - eth_chainId
[2025/06/18 22:16:25.400] - eth_blockNumber
[2025/06/18 22:16:25.452] - eth_call
[2025/06/18 22:16:25.569] - eth_call
[2025/06/18 22:16:25.640] - eth_call
[2025/06/18 22:16:49.963] - eth_blockNumber
[2025/06/18 22:16:49.974] - eth_getBlockByNumber
[2025/06/18 22:16:50.895] - eth_gasPrice
[2025/06/18 22:16:56.357] - eth_getBalance
[2025/06/18 22:17:21.835] - eth_getTransactionCount
[2025/06/18 22:17:21.902] - eth_estimateGas
[2025/06/18 22:17:22.122] - eth_call
[2025/06/18 22:17:22.259] - eth_blockNumber
[2025/06/18 22:17:22.280] - eth_getCode
[2025/06/18 22:17:22.286] - eth_getCode
[2025/06/18 22:17:23.447] - eth_blockNumber
[2025/06/18 22:17:23.467] - eth_call
[2025/06/18 22:17:23.649] - eth_call
[2025/06/18 22:17:23.785] - eth_call
[2025/06/18 22:17:23.883] - eth_call
[2025/06/18 22:17:26.806] - eth_blockNumber
[2025/06/18 22:17:27.043] - eth_call
[2025/06/18 22:17:27.087] - eth_call
[2025/06/18 22:17:27.118] - eth_call
[2025/06/18 22:17:27.124] - eth_call
[2025/06/18 22:17:29.438] - eth_sendRawTransaction
[2025/06/18 22:17:29.683] - 
  Transaction: 0x7fb03922640f6cea530dc07a4a4bae25fd8c8ce1bf03f9e251af6152280774bf
  Gas usage: 395601
  Block number: 6
  Block time: Wed Jun 18 2025 22:17:29 GMT+0530 (India Standard Time)

[2025/06/18 22:17:29.711] - eth_getBlockByNumber
[2025/06/18 22:17:29.785] - eth_getBalance
[2025/06/18 22:17:29.816] - eth_getTransactionCount
[2025/06/18 22:17:29.826] - eth_call
[2025/06/18 22:17:29.845] - eth_getTransactionReceipt
[2025/06/18 22:17:29.851] - eth_getBalance
[2025/06/18 22:17:29.859] - eth_getTransactionCount
[2025/06/18 22:17:29.865] - eth_getBalance
[2025/06/18 22:17:29.873] - eth_blockNumber
[2025/06/18 22:17:29.880] - eth_getTransactionCount
[2025/06/18 22:17:29.885] - eth_getBalance
[2025/06/18 22:17:29.899] - eth_getTransactionCount
[2025/06/18 22:17:29.939] - eth_getBalance
[2025/06/18 22:17:29.970] - eth_getTransactionCount
[2025/06/18 22:17:29.989] - eth_call
[2025/06/18 22:17:30.008] - eth_getBalance
[2025/06/18 22:17:30.107] - eth_getTransactionCount
[2025/06/18 22:17:30.120] - eth_getBalance
[2025/06/18 22:17:30.130] - eth_call
[2025/06/18 22:17:30.135] - eth_call
[2025/06/18 22:17:30.145] - eth_getTransactionCount
[2025/06/18 22:17:30.149] - eth_getBalance
[2025/06/18 22:17:30.156] - eth_getTransactionCount
[2025/06/18 22:17:30.168] - eth_getBalance
[2025/06/18 22:17:30.172] - eth_getTransactionCount
[2025/06/18 22:17:30.177] - eth_getBalance
[2025/06/18 22:17:30.182] - eth_getTransactionCount
[2025/06/18 22:17:30.208] - eth_getBalance
[2025/06/18 22:17:30.213] - eth_getBalance
[2025/06/18 22:17:30.218] - eth_getBalance
[2025/06/18 22:17:32.974] - eth_getTransactionReceipt
[2025/06/18 22:17:32.985] - eth_getBlockByHash
[2025/06/18 22:17:33.014] - eth_call
[2025/06/18 22:17:33.037] - eth_call
[2025/06/18 22:17:33.056] - eth_call
[2025/06/18 22:17:33.061] - eth_call
[2025/06/18 22:17:36.276] - eth_call
[2025/06/18 22:17:36.437] - eth_call
[2025/06/18 22:17:36.449] - eth_call
[2025/06/18 22:17:36.522] - eth_call
[2025/06/18 22:17:36.547] - eth_call
[2025/06/18 22:57:23.128] - eth_chainId
[2025/06/18 22:57:23.141] - eth_call
[2025/06/18 22:57:23.289] - eth_blockNumber
[2025/06/18 22:57:26.259] - eth_blockNumber
[2025/06/18 22:57:26.360] - eth_call
[2025/06/18 22:57:26.400] - eth_blockNumber
[2025/06/18 22:57:26.406] - eth_getCode
[2025/06/18 22:57:26.858] - eth_gasPrice
[2025/06/18 22:57:30.783] - eth_call
[2025/06/18 22:57:30.786] - eth_chainId
[2025/06/18 22:57:30.846] - eth_call
[2025/06/18 22:57:30.853] - eth_chainId
[2025/06/18 22:58:14.326] - eth_blockNumber
[2025/06/18 22:58:14.339] - eth_getBlockByNumber
[2025/06/18 22:58:20.684] - eth_call
[2025/06/18 22:58:20.688] - eth_chainId
[2025/06/18 22:58:24.119] - eth_blockNumber
[2025/06/18 22:58:24.290] - eth_call
[2025/06/18 22:58:27.067] - eth_call
[2025/06/18 22:58:27.076] - eth_chainId
[2025/06/18 22:58:27.234] - eth_call
[2025/06/18 22:58:27.242] - eth_chainId
[2025/06/18 23:07:46.049] - eth_call
[2025/06/18 23:07:46.054] - eth_chainId
[2025/06/18 23:09:28.048] - eth_call
[2025/06/18 23:09:28.052] - eth_chainId
[2025/06/19 08:47:43.499] - eth_blockNumber
[2025/06/19 08:47:43.636] - net_version
[2025/06/19 08:47:43.683] - net_version
[2025/06/19 08:47:43.690] - net_version
[2025/06/19 08:47:43.767] - net_version
[2025/06/19 08:47:43.850] - net_version
[2025/06/19 08:47:43.857] - eth_getBlockByNumber
[2025/06/19 10:52:45.605] - eth_chainId
[2025/06/19 10:59:11.453] - eth_blockNumber
[2025/06/19 10:59:11.582] - eth_blockNumber
[2025/06/19 10:59:11.598] - eth_getBalance
[2025/06/19 10:59:11.609] - eth_getBalance
[2025/06/19 10:59:11.614] - eth_getBalance
[2025/06/19 10:59:12.677] - eth_gasPrice
[2025/06/19 11:19:03.792] - eth_chainId
[2025/06/19 11:19:03.939] - eth_call
[2025/06/19 11:24:25.989] - eth_chainId
[2025/06/19 11:24:26.020] - eth_call
[2025/06/19 11:24:33.076] - eth_blockNumber
[2025/06/19 11:24:33.148] - eth_blockNumber
[2025/06/19 11:24:33.166] - eth_call
[2025/06/19 11:24:33.176] - eth_getCode
[2025/06/19 11:34:27.408] - eth_chainId
[2025/06/19 11:34:37.423] - eth_chainId
[2025/06/19 11:35:50.934] - eth_chainId
[2025/06/19 11:35:50.977] - eth_call
[2025/06/19 11:35:52.014] - eth_blockNumber
[2025/06/19 11:35:55.499] - eth_blockNumber
[2025/06/19 11:35:55.634] - eth_call
[2025/06/19 11:36:13.263] - eth_blockNumber
[2025/06/19 11:36:23.684] - eth_getCode
[2025/06/19 11:36:23.706] - eth_call
[2025/06/19 11:36:31.863] - eth_getTransactionCount
[2025/06/19 11:36:31.928] - eth_estimateGas
[2025/06/19 11:36:57.158] - eth_chainId
[2025/06/19 11:36:57.186] - eth_call
[2025/06/19 11:36:57.291] - eth_blockNumber
[2025/06/19 11:37:00.538] - eth_blockNumber
[2025/06/19 11:37:00.746] - eth_call
[2025/06/19 11:42:04.661] - eth_chainId
[2025/06/19 11:42:13.250] - eth_chainId
[2025/06/19 11:42:13.267] - eth_call
[2025/06/19 11:42:13.373] - eth_blockNumber
[2025/06/19 11:42:16.921] - eth_blockNumber
[2025/06/19 11:42:17.083] - eth_call
[2025/06/19 11:42:21.580] - eth_chainId
[2025/06/19 11:42:21.601] - eth_call
[2025/06/19 11:42:21.685] - eth_chainId
[2025/06/19 11:42:21.704] - eth_call
