[2025/06/18 21:36:37.598] - Starting server with initial configuration: {"gasLimit":6721975,"gasPrice":20000000000,"hardfork":"merge","hostname":"127.0.0.1","port":8545,"network_id":1337,"default_balance_ether":10,"total_accounts":10,"unlocked_accounts":[],"locked":false,"vmErrorsOnRPCResponse":true,"verbose":false,"flavor":"ethereum","db_path":"C:\\Users\\Praveent\\AppData\\Roaming\\Ganache\\ui\\workspaces\\TrustkeyV2\\chaindata","logDirectory":"D:\\Praveen\\Personal\\projects\\trustkey\\ganache-logs"}
[2025/06/18 21:36:38.187] - eth_blockNumber
[2025/06/18 21:36:38.193] - eth_accounts
[2025/06/18 21:36:38.195] - eth_gasPrice
[2025/06/18 21:36:38.199] - eth_getBlockByNumber
[2025/06/18 21:36:38.204] - eth_subscribe
[2025/06/18 21:36:38.216] - eth_blockNumber
[2025/06/18 21:36:38.230] - eth_accounts
[2025/06/18 21:36:38.235] - eth_gasPrice
[2025/06/18 21:36:38.237] - eth_getBlockByNumber
[2025/06/18 21:36:38.239] - eth_subscribe
[2025/06/18 21:36:38.248] - eth_accounts
[2025/06/18 21:36:38.281] - eth_getBalance
[2025/06/18 21:36:38.290] - eth_getTransactionCount
[2025/06/18 21:36:38.300] - eth_getBalance
[2025/06/18 21:36:38.326] - eth_getTransactionCount
[2025/06/18 21:36:38.345] - eth_getBalance
[2025/06/18 21:36:38.354] - eth_getTransactionCount
[2025/06/18 21:36:38.363] - eth_getBalance
[2025/06/18 21:36:38.372] - eth_getTransactionCount
[2025/06/18 21:36:38.377] - eth_getBalance
[2025/06/18 21:36:38.385] - eth_getTransactionCount
[2025/06/18 21:36:38.398] - eth_getBalance
[2025/06/18 21:36:38.406] - eth_getTransactionCount
[2025/06/18 21:36:38.411] - eth_getBalance
[2025/06/18 21:36:38.415] - eth_getTransactionCount
[2025/06/18 21:36:38.423] - eth_getBalance
[2025/06/18 21:36:38.427] - eth_getTransactionCount
[2025/06/18 21:36:38.433] - eth_getBalance
[2025/06/18 21:36:38.439] - eth_getTransactionCount
[2025/06/18 21:36:38.442] - eth_getBalance
[2025/06/18 21:36:38.448] - eth_getTransactionCount
[2025/06/18 21:36:38.529] - eth_getBalance
[2025/06/18 21:36:38.536] - eth_getTransactionCount
[2025/06/18 21:36:38.539] - eth_getBalance
[2025/06/18 21:36:38.545] - eth_getTransactionCount
[2025/06/18 21:36:38.549] - eth_getBalance
[2025/06/18 21:36:38.554] - eth_getTransactionCount
[2025/06/18 21:36:38.560] - eth_getBalance
[2025/06/18 21:36:38.565] - eth_getTransactionCount
[2025/06/18 21:36:38.571] - eth_getBalance
[2025/06/18 21:36:38.576] - eth_getTransactionCount
[2025/06/18 21:36:38.580] - eth_getBalance
[2025/06/18 21:36:38.586] - eth_getTransactionCount
[2025/06/18 21:36:38.592] - eth_getBalance
[2025/06/18 21:36:38.596] - eth_getTransactionCount
[2025/06/18 21:36:38.602] - eth_getBalance
[2025/06/18 21:36:38.606] - eth_getTransactionCount
[2025/06/18 21:36:38.610] - eth_getBalance
[2025/06/18 21:36:38.621] - eth_getTransactionCount
[2025/06/18 21:36:38.626] - eth_getBalance
[2025/06/18 21:36:38.629] - eth_getTransactionCount
[2025/06/18 21:36:38.682] - eth_getBalance
[2025/06/18 21:36:38.689] - eth_getTransactionCount
[2025/06/18 21:36:38.693] - eth_getBalance
[2025/06/18 21:36:38.697] - eth_getTransactionCount
[2025/06/18 21:36:38.703] - eth_getBalance
[2025/06/18 21:36:38.710] - eth_getTransactionCount
[2025/06/18 21:36:38.714] - eth_getBalance
[2025/06/18 21:36:38.719] - eth_getTransactionCount
[2025/06/18 21:36:38.723] - eth_getBalance
[2025/06/18 21:36:38.728] - eth_getTransactionCount
[2025/06/18 21:36:38.731] - eth_getBalance
[2025/06/18 21:36:38.739] - eth_getTransactionCount
[2025/06/18 21:36:38.742] - eth_getBalance
[2025/06/18 21:36:38.747] - eth_getTransactionCount
[2025/06/18 21:36:38.752] - eth_getBalance
[2025/06/18 21:36:38.757] - eth_getTransactionCount
[2025/06/18 21:36:38.763] - eth_getBalance
[2025/06/18 21:36:38.768] - eth_getTransactionCount
[2025/06/18 21:36:38.772] - eth_getBalance
[2025/06/18 21:36:38.778] - eth_getTransactionCount
[2025/06/18 21:36:38.784] - eth_getBalance
[2025/06/18 21:36:38.788] - eth_getTransactionCount
[2025/06/18 21:36:38.791] - eth_getBalance
[2025/06/18 21:36:38.796] - eth_getTransactionCount
[2025/06/18 21:36:38.800] - eth_getBalance
[2025/06/18 21:36:38.808] - eth_getTransactionCount
[2025/06/18 21:36:38.811] - eth_getBalance
[2025/06/18 21:36:38.817] - eth_getTransactionCount
[2025/06/18 21:36:38.820] - eth_getBalance
[2025/06/18 21:36:38.826] - eth_getTransactionCount
[2025/06/18 21:36:38.830] - eth_getBalance
[2025/06/18 21:36:38.836] - eth_getTransactionCount
[2025/06/18 21:36:38.840] - eth_getBalance
[2025/06/18 21:36:38.849] - eth_getTransactionCount
[2025/06/18 21:36:38.856] - eth_getBalance
[2025/06/18 21:36:38.863] - eth_getTransactionCount
[2025/06/18 21:36:38.866] - eth_getBalance
[2025/06/18 21:36:38.871] - eth_getTransactionCount
[2025/06/18 21:36:38.874] - eth_getBalance
[2025/06/18 21:36:38.878] - eth_getTransactionCount
[2025/06/18 21:36:40.309] - eth_subscribe
[2025/06/18 21:36:40.311] - eth_getLogs
[2025/06/18 21:36:40.313] - eth_subscribe
[2025/06/18 21:36:40.316] - eth_subscribe
[2025/06/18 21:36:40.318] - eth_getLogs
[2025/06/18 21:36:40.319] - eth_subscribe
[2025/06/18 21:36:40.973] - eth_unsubscribe
[2025/06/18 21:36:40.978] - eth_unsubscribe
